#
# A fatal error has been detected by the Java Runtime Environment:
#
#  Internal Error (debugInfo.cpp:94), pid=26478, tid=0x00007f3af1b1d700
#  Error: ShouldNotReachHere()
#
# JRE version: Java(TM) SE Runtime Environment (8.0_101-b13) (build 1.8.0_101-b13)
# Java VM: Java HotSpot(TM) 64-Bit Server VM (25.101-b13 mixed mode linux-amd64 compressed oops)
# Failed to write core dump. Core dumps have been disabled. To enable core dumping, try "ulimit -c unlimited" before starting Java again
#
# If you would like to submit a bug report, please visit:
#   http://bugreport.java.com/bugreport/crash.jsp
#

---------------  T H R E A D  ---------------

Current thread (0x00007f3b04073800):  VMThread [stack: 0x00007f3af1a1d000,0x00007f3af1b1e000] [id=26484]

Stack: [0x00007f3af1a1d000,0x00007f3af1b1e000],  sp=0x00007f3af1b1b2c0,  free space=1016k
Native frames: (J=compiled Java code, j=interpreted, Vv=VM code, C=native code)
V  [libjvm.so+0xac3f0a]  VMError::report_and_die()+0x2ba
V  [libjvm.so+0x4fba92]  report_should_not_reach_here(char const*, int)+0x52
V  [libjvm.so+0x4fcd75]  ScopeValue::read_from(DebugInfoReadStream*)+0x45
V  [libjvm.so+0x9bcfcb]  ScopeDesc::decode_object_values(int)+0x12b
V  [libjvm.so+0x9bd0ab]  ScopeDesc::ScopeDesc(nmethod const*, int, int, bool, bool)+0x2b
V  [libjvm.so+0x8e61e6]  nmethod::scope_desc_at(unsigned char*)+0x96
V  [libjvm.so+0xabbe97]  compiledVFrame::compiledVFrame(frame const*, RegisterMap const*, JavaThread*, nmethod*)+0x47
V  [libjvm.so+0xab72f1]  vframe::new_vframe(frame const*, RegisterMap const*, JavaThread*)+0x161
V  [libjvm.so+0xab746e]  vframe::sender() const+0x7e
V  [libjvm.so+0xabc590]  compiledVFrame::sender() const+0xe0
V  [libjvm.so+0xab5d3e]  vframe::java_sender() const+0xe
V  [libjvm.so+0x3252bc]  get_or_compute_monitor_info(JavaThread*)+0x24c
V  [libjvm.so+0x325bd6]  revoke_bias(oopDesc*, bool, bool, JavaThread*)+0x186
V  [libjvm.so+0x32689e]  BiasedLocking::revoke_at_safepoint(GrowableArray<Handle>*)+0xae
V  [libjvm.so+0xacd405]  VM_Operation::evaluate()+0x55
V  [libjvm.so+0xacb7da]  VMThread::evaluate_operation(VM_Operation*)+0xba
V  [libjvm.so+0xacbb5e]  VMThread::loop()+0x1ce
V  [libjvm.so+0xacbfd0]  VMThread::run()+0x70
V  [libjvm.so+0x924698]  java_start(Thread*)+0x108

VM_Operation (0x00007f3acb3e3160): RevokeBias, mode: safepoint, requested by thread 0x00007f3abc00a800


---------------  P R O C E S S  ---------------

Java Threads: ( => current thread )
  0x00007f3ab0754000 JavaThread "process reaper" daemon [_thread_blocked, id=26512, stack(0x00007f3aca67c000,0x00007f3aca6b5000)]
  0x00007f3ab03a8000 JavaThread "File lock request listener" [_thread_in_native, id=26505, stack(0x00007f3aca971000,0x00007f3acaa72000)]
  0x00007f3ab003d000 JavaThread "Stdin handler" [_thread_blocked, id=26504, stack(0x00007f3acb0eb000,0x00007f3acb1ec000)]
  0x00007f3ab0047000 JavaThread "Asynchronous log dispatcher for org.gradle.launcher.daemon.server.DefaultDaemonConnection@5cc916fc" [_thread_blocked, id=26503, stack(0x00007f3acb1ec000,0x00007f3acb2ed000)]
  0x00007f3abc00a800 JavaThread "Daemon worker" [_thread_blocked, id=26500, stack(0x00007f3acb2ed000,0x00007f3acb3ee000)]
  0x00007f3abc00d800 JavaThread "Cancel handler" [_thread_blocked, id=26499, stack(0x00007f3acb3ee000,0x00007f3acb4ef000)]
  0x00007f3abc003800 JavaThread "Handler for socket connection from /127.0.0.1:34938 to /127.0.0.1:60826" [_thread_in_native, id=26498, stack(0x00007f3acb4ef000,0x00007f3acb5f0000)]
  0x00007f3ab8012800 JavaThread "Daemon" [_thread_blocked, id=26497, stack(0x00007f3acb5f0000,0x00007f3acb6f1000)]
  0x00007f3b04ba4000 JavaThread "Incoming local TCP Connector on port 34938" [_thread_in_native, id=26496, stack(0x00007f3acb8f8000,0x00007f3acb9f9000)]
  0x00007f3b04b88000 JavaThread "pool-1-thread-1" [_thread_blocked, id=26495, stack(0x00007f3acb9f9000,0x00007f3acbafa000)]
  0x00007f3b040ba000 JavaThread "Service Thread" daemon [_thread_blocked, id=26490, stack(0x00007f3af0d35000,0x00007f3af0e36000)]
  0x00007f3b040b7000 JavaThread "C1 CompilerThread1" daemon [_thread_blocked, id=26489, stack(0x00007f3af0e36000,0x00007f3af0f37000)]
  0x00007f3b040b4800 JavaThread "C2 CompilerThread0" daemon [_thread_in_native, id=26488, stack(0x00007f3af0f37000,0x00007f3af1038000)]
  0x00007f3b040b3000 JavaThread "Signal Dispatcher" daemon [_thread_blocked, id=26487, stack(0x00007f3af1038000,0x00007f3af1139000)]
  0x00007f3b04080000 JavaThread "Finalizer" daemon [_thread_blocked, id=26486, stack(0x00007f3af181b000,0x00007f3af191c000)]
  0x00007f3b0407b000 JavaThread "Reference Handler" daemon [_thread_blocked, id=26485, stack(0x00007f3af191c000,0x00007f3af1a1d000)]
  0x00007f3b0400a000 JavaThread "main" [_thread_blocked, id=26481, stack(0x00007f3b0b8b0000,0x00007f3b0b9b1000)]

Other Threads:
=>0x00007f3b04073800 VMThread [stack: 0x00007f3af1a1d000,0x00007f3af1b1e000] [id=26484]
  0x00007f3b040bd000 WatcherThread [stack: 0x00007f3af0c34000,0x00007f3af0d35000] [id=26491]

VM state:at safepoint (normal execution)

VM Mutex/Monitor currently owned by a thread:  ([mutex/lock_event])
[0x00007f3b04006260] Threads_lock - owner thread: 0x00007f3b04073800

Heap:
 PSYoungGen      total 168960K, used 65412K [0x00000000eab00000, 0x00000000f8480000, 0x0000000100000000)
  eden space 154624K, 42% used [0x00000000eab00000,0x00000000eeae1048,0x00000000f4200000)
  from space 14336K, 0% used [0x00000000f4f80000,0x00000000f4f80000,0x00000000f5d80000)
  to   space 13824K, 0% used [0x00000000f4200000,0x00000000f4200000,0x00000000f4f80000)
 ParOldGen       total 94208K, used 16408K [0x00000000c0000000, 0x00000000c5c00000, 0x00000000eab00000)
  object space 94208K, 17% used [0x00000000c0000000,0x00000000c1006100,0x00000000c5c00000)
 Metaspace       used 39075K, capacity 39838K, committed 40320K, reserved 1083392K
  class space    used 5224K, capacity 5442K, committed 5504K, reserved 1048576K

Card table byte_map: [0x00007f3b0846c000,0x00007f3b0866d000] byte_map_base: 0x00007f3b07e6c000

Marking Bits: (ParMarkBitMap*) 0x00007f3b0ad8d120
 Begin Bits: [0x00007f3af3000000, 0x00007f3af4000000)
 End Bits:   [0x00007f3af4000000, 0x00007f3af5000000)

Polling page: 0x00007f3b0b9d6000

CodeCache: size=245760Kb used=13114Kb max_used=13114Kb free=232645Kb
 bounds [0x00007f3af5000000, 0x00007f3af5ce0000, 0x00007f3b04000000]
 total_blobs=4660 nmethods=3964 adapters=609
 compilation: enabled

Compilation events (10 events):
Event: 40.017 Thread 0x00007f3b040b7000 4272       2       sun.security.util.DerInputStream::getLength (125 bytes)
Event: 40.025 Thread 0x00007f3b040b7000 nmethod 4272 0x00007f3af5cd4fd0 code [0x00007f3af5cd51c0, 0x00007f3af5cd57b8]
Event: 40.025 Thread 0x00007f3b040b7000 4273       2       java.lang.ThreadLocal::get (38 bytes)
Event: 40.026 Thread 0x00007f3b040b7000 nmethod 4273 0x00007f3af5cd5b50 code [0x00007f3af5cd5ce0, 0x00007f3af5cd5ee8]
Event: 40.026 Thread 0x00007f3b040b7000 4274   !   2       java.lang.StringCoding$StringDecoder::decode (179 bytes)
Event: 40.030 Thread 0x00007f3b040b7000 nmethod 4274 0x00007f3af5cd6050 code [0x00007f3af5cd62a0, 0x00007f3af5cd6db8]
Event: 40.030 Thread 0x00007f3b040b7000 4275       1       java.nio.charset.CharsetDecoder::maxCharsPerByte (5 bytes)
Event: 40.030 Thread 0x00007f3b040b7000 nmethod 4275 0x00007f3af5cd7750 code [0x00007f3af5cd78a0, 0x00007f3af5cd79b0]
Event: 40.030 Thread 0x00007f3b040b7000 4276 %     3       java.util.HashMap::resize @ 238 (359 bytes)
Event: 40.032 Thread 0x00007f3b040b7000 nmethod 4276% 0x00007f3af5cd7a10 code [0x00007f3af5cd7c80, 0x00007f3af5cd9048]

GC Heap History (10 events):
Event: 13.988 GC heap before
{Heap before GC invocations=4 (full 1):
 PSYoungGen      total 68608K, used 5112K [0x00000000eab00000, 0x00000000f3100000, 0x0000000100000000)
  eden space 63488K, 0% used [0x00000000eab00000,0x00000000eab00000,0x00000000ee900000)
  from space 5120K, 99% used [0x00000000ee900000,0x00000000eedfe0f0,0x00000000eee00000)
  to   space 5120K, 0% used [0x00000000f2c00000,0x00000000f2c00000,0x00000000f3100000)
 ParOldGen       total 84992K, used 7587K [0x00000000c0000000, 0x00000000c5300000, 0x00000000eab00000)
  object space 84992K, 8% used [0x00000000c0000000,0x00000000c0768c40,0x00000000c5300000)
 Metaspace       used 20759K, capacity 21138K, committed 21296K, reserved 1067008K
  class space    used 2795K, capacity 2921K, committed 2944K, reserved 1048576K
Event: 14.183 GC heap after
Heap after GC invocations=4 (full 1):
 PSYoungGen      total 68608K, used 0K [0x00000000eab00000, 0x00000000f3100000, 0x0000000100000000)
  eden space 63488K, 0% used [0x00000000eab00000,0x00000000eab00000,0x00000000ee900000)
  from space 5120K, 0% used [0x00000000ee900000,0x00000000ee900000,0x00000000eee00000)
  to   space 5120K, 0% used [0x00000000f2c00000,0x00000000f2c00000,0x00000000f3100000)
 ParOldGen       total 66048K, used 11410K [0x00000000c0000000, 0x00000000c4080000, 0x00000000eab00000)
  object space 66048K, 17% used [0x00000000c0000000,0x00000000c0b248a0,0x00000000c4080000)
 Metaspace       used 20759K, capacity 21138K, committed 21296K, reserved 1067008K
  class space    used 2795K, capacity 2921K, committed 2944K, reserved 1048576K
}
Event: 19.358 GC heap before
{Heap before GC invocations=5 (full 1):
 PSYoungGen      total 68608K, used 63488K [0x00000000eab00000, 0x00000000f3100000, 0x0000000100000000)
  eden space 63488K, 100% used [0x00000000eab00000,0x00000000ee900000,0x00000000ee900000)
  from space 5120K, 0% used [0x00000000ee900000,0x00000000ee900000,0x00000000eee00000)
  to   space 5120K, 0% used [0x00000000f2c00000,0x00000000f2c00000,0x00000000f3100000)
 ParOldGen       total 66048K, used 11410K [0x00000000c0000000, 0x00000000c4080000, 0x00000000eab00000)
  object space 66048K, 17% used [0x00000000c0000000,0x00000000c0b248a0,0x00000000c4080000)
 Metaspace       used 26013K, capacity 26674K, committed 26752K, reserved 1073152K
  class space    used 3476K, capacity 3660K, committed 3712K, reserved 1048576K
Event: 19.470 GC heap after
Heap after GC invocations=5 (full 1):
 PSYoungGen      total 103424K, used 5119K [0x00000000eab00000, 0x00000000f3100000, 0x0000000100000000)
  eden space 98304K, 0% used [0x00000000eab00000,0x00000000eab00000,0x00000000f0b00000)
  from space 5120K, 99% used [0x00000000f2c00000,0x00000000f30ffd60,0x00000000f3100000)
  to   space 5120K, 0% used [0x00000000f2700000,0x00000000f2700000,0x00000000f2c00000)
 ParOldGen       total 66048K, used 14661K [0x00000000c0000000, 0x00000000c4080000, 0x00000000eab00000)
  object space 66048K, 22% used [0x00000000c0000000,0x00000000c0e51670,0x00000000c4080000)
 Metaspace       used 26013K, capacity 26674K, committed 26752K, reserved 1073152K
  class space    used 3476K, capacity 3660K, committed 3712K, reserved 1048576K
}
Event: 28.612 GC heap before
{Heap before GC invocations=6 (full 1):
 PSYoungGen      total 103424K, used 103423K [0x00000000eab00000, 0x00000000f3100000, 0x0000000100000000)
  eden space 98304K, 100% used [0x00000000eab00000,0x00000000f0b00000,0x00000000f0b00000)
  from space 5120K, 99% used [0x00000000f2c00000,0x00000000f30ffd60,0x00000000f3100000)
  to   space 5120K, 0% used [0x00000000f2700000,0x00000000f2700000,0x00000000f2c00000)
 ParOldGen       total 66048K, used 14661K [0x00000000c0000000, 0x00000000c4080000, 0x00000000eab00000)
  object space 66048K, 22% used [0x00000000c0000000,0x00000000c0e51670,0x00000000c4080000)
 Metaspace       used 31550K, capacity 32404K, committed 32768K, reserved 1077248K
  class space    used 4312K, capacity 4521K, committed 4608K, reserved 1048576K
Event: 28.818 GC heap after
Heap after GC invocations=6 (full 1):
 PSYoungGen      total 132096K, used 5104K [0x00000000eab00000, 0x00000000f5d80000, 0x0000000100000000)
  eden space 126976K, 0% used [0x00000000eab00000,0x00000000eab00000,0x00000000f2700000)
  from space 5120K, 99% used [0x00000000f2700000,0x00000000f2bfc030,0x00000000f2c00000)
  to   space 14336K, 0% used [0x00000000f4f80000,0x00000000f4f80000,0x00000000f5d80000)
 ParOldGen       total 66048K, used 21230K [0x00000000c0000000, 0x00000000c4080000, 0x00000000eab00000)
  object space 66048K, 32% used [0x00000000c0000000,0x00000000c14bbaf0,0x00000000c4080000)
 Metaspace       used 31550K, capacity 32404K, committed 32768K, reserved 1077248K
  class space    used 4312K, capacity 4521K, committed 4608K, reserved 1048576K
}
Event: 35.896 GC heap before
{Heap before GC invocations=7 (full 1):
 PSYoungGen      total 132096K, used 73942K [0x00000000eab00000, 0x00000000f5d80000, 0x0000000100000000)
  eden space 126976K, 54% used [0x00000000eab00000,0x00000000eee39b58,0x00000000f2700000)
  from space 5120K, 99% used [0x00000000f2700000,0x00000000f2bfc030,0x00000000f2c00000)
  to   space 14336K, 0% used [0x00000000f4f80000,0x00000000f4f80000,0x00000000f5d80000)
 ParOldGen       total 66048K, used 21230K [0x00000000c0000000, 0x00000000c4080000, 0x00000000eab00000)
  object space 66048K, 32% used [0x00000000c0000000,0x00000000c14bbaf0,0x00000000c4080000)
 Metaspace       used 34605K, capacity 35408K, committed 35496K, reserved 1079296K
  class space    used 4672K, capacity 4845K, committed 4864K, reserved 1048576K
Event: 35.965 GC heap after
Heap after GC invocations=7 (full 1):
 PSYoungGen      total 168960K, used 8743K [0x00000000eab00000, 0x00000000f8480000, 0x0000000100000000)
  eden space 154624K, 0% used [0x00000000eab00000,0x00000000eab00000,0x00000000f4200000)
  from space 14336K, 60% used [0x00000000f4f80000,0x00000000f5809d20,0x00000000f5d80000)
  to   space 13824K, 0% used [0x00000000f4200000,0x00000000f4200000,0x00000000f4f80000)
 ParOldGen       total 66048K, used 21238K [0x00000000c0000000, 0x00000000c4080000, 0x00000000eab00000)
  object space 66048K, 32% used [0x00000000c0000000,0x00000000c14bdaf0,0x00000000c4080000)
 Metaspace       used 34605K, capacity 35408K, committed 35496K, reserved 1079296K
  class space    used 4672K, capacity 4845K, committed 4864K, reserved 1048576K
}
Event: 35.965 GC heap before
{Heap before GC invocations=8 (full 2):
 PSYoungGen      total 168960K, used 8743K [0x00000000eab00000, 0x00000000f8480000, 0x0000000100000000)
  eden space 154624K, 0% used [0x00000000eab00000,0x00000000eab00000,0x00000000f4200000)
  from space 14336K, 60% used [0x00000000f4f80000,0x00000000f5809d20,0x00000000f5d80000)
  to   space 13824K, 0% used [0x00000000f4200000,0x00000000f4200000,0x00000000f4f80000)
 ParOldGen       total 66048K, used 21238K [0x00000000c0000000, 0x00000000c4080000, 0x00000000eab00000)
  object space 66048K, 32% used [0x00000000c0000000,0x00000000c14bdaf0,0x00000000c4080000)
 Metaspace       used 34605K, capacity 35408K, committed 35496K, reserved 1079296K
  class space    used 4672K, capacity 4845K, committed 4864K, reserved 1048576K
Event: 36.272 GC heap after
Heap after GC invocations=8 (full 2):
 PSYoungGen      total 168960K, used 0K [0x00000000eab00000, 0x00000000f8480000, 0x0000000100000000)
  eden space 154624K, 0% used [0x00000000eab00000,0x00000000eab00000,0x00000000f4200000)
  from space 14336K, 0% used [0x00000000f4f80000,0x00000000f4f80000,0x00000000f5d80000)
  to   space 13824K, 0% used [0x00000000f4200000,0x00000000f4200000,0x00000000f4f80000)
 ParOldGen       total 94208K, used 16408K [0x00000000c0000000, 0x00000000c5c00000, 0x00000000eab00000)
  object space 94208K, 17% used [0x00000000c0000000,0x00000000c1006100,0x00000000c5c00000)
 Metaspace       used 34501K, capacity 35168K, committed 35496K, reserved 1079296K
  class space    used 4640K, capacity 4809K, committed 4864K, reserved 1048576K
}

Deoptimization events (10 events):
Event: 33.613 Thread 0x00007f3ab0047000 Uncommon trap: reason=unstable_if action=reinterpret pc=0x00007f3af5af6f74 method=com.esotericsoftware.kryo.io.Output.writeString(Ljava/lang/CharSequence;)V @ 1
Event: 36.446 Thread 0x00007f3abc00a800 Uncommon trap: reason=class_check action=maybe_recompile pc=0x00007f3af5af8354 method=java.util.AbstractList$Itr.hasNext()Z @ 8
Event: 36.507 Thread 0x00007f3abc00a800 Uncommon trap: reason=bimorphic action=maybe_recompile pc=0x00007f3af5b340a4 method=java.security.MessageDigest$Delegate.engineUpdate([BII)V @ 7
Event: 36.507 Thread 0x00007f3abc00a800 Uncommon trap: reason=bimorphic action=maybe_recompile pc=0x00007f3af5b340a4 method=java.security.MessageDigest$Delegate.engineUpdate([BII)V @ 7
Event: 36.507 Thread 0x00007f3abc00a800 Uncommon trap: reason=bimorphic action=maybe_recompile pc=0x00007f3af5b306e4 method=sun.security.provider.DigestBase.engineUpdate([BII)V @ 128
Event: 37.527 Thread 0x00007f3abc00a800 Uncommon trap: reason=unstable_if action=reinterpret pc=0x00007f3af53e4b08 method=java.util.HashMap.putVal(ILjava/lang/Object;Ljava/lang/Object;ZZ)Ljava/lang/Object; @ 206
Event: 37.728 Thread 0x00007f3abc00a800 Uncommon trap: reason=unstable_if action=reinterpret pc=0x00007f3af5b0659c method=java.util.HashMap.putVal(ILjava/lang/Object;Ljava/lang/Object;ZZ)Ljava/lang/Object; @ 162
Event: 37.728 Thread 0x00007f3abc00a800 Uncommon trap: reason=unstable_if action=reinterpret pc=0x00007f3af53f6a60 method=java.util.HashMap.putVal(ILjava/lang/Object;Ljava/lang/Object;ZZ)Ljava/lang/Object; @ 162
Event: 37.728 Thread 0x00007f3abc00a800 Uncommon trap: reason=unstable_if action=reinterpret pc=0x00007f3af52a6118 method=java.util.HashMap.resize()[Ljava/util/HashMap$Node; @ 206
Event: 39.943 Thread 0x00007f3abc00a800 Uncommon trap: reason=unstable_if action=reinterpret pc=0x00007f3af5aee934 method=java.lang.ThreadLocal.get()Ljava/lang/Object; @ 11

Internal exceptions (10 events):
Event: 34.644 Thread 0x00007f3abc00a800 Exception <a 'java/lang/ClassNotFoundException': build_4oizdzoq5pdcsort24ox48v0Customizer> (0x00000000ede662d8) thrown at [/HUDSON3/workspace/8-2-build-linux-amd64/jdk8u101/7261/hotspot/src/share/vm/classfile/systemDictionary.cpp, line 210]
Event: 37.166 Thread 0x00007f3abc00a800 Exception <a 'java/lang/ClassNotFoundException': org/gradle/api/plugins/BasePluginConventionBeanInfo> (0x00000000eb5d7d18) thrown at [/HUDSON3/workspace/8-2-build-linux-amd64/jdk8u101/7261/hotspot/src/share/vm/classfile/systemDictionary.cpp, line 210]
Event: 37.172 Thread 0x00007f3abc00a800 Exception <a 'java/lang/ClassNotFoundException': org/gradle/api/plugins/BasePluginConventionCustomizer> (0x00000000eb637228) thrown at [/HUDSON3/workspace/8-2-build-linux-amd64/jdk8u101/7261/hotspot/src/share/vm/classfile/systemDictionary.cpp, line 210]
Event: 38.739 Thread 0x00007f3abc00a800 Exception <a 'java/lang/ClassNotFoundException': org/gradle/api/plugins/JavaPluginConventionBeanInfo> (0x00000000ed7658f0) thrown at [/HUDSON3/workspace/8-2-build-linux-amd64/jdk8u101/7261/hotspot/src/share/vm/classfile/systemDictionary.cpp, line 210]
Event: 38.739 Thread 0x00007f3abc00a800 Exception <a 'java/lang/ClassNotFoundException': org/gradle/api/plugins/JavaPluginConventionCustomizer> (0x00000000ed797968) thrown at [/HUDSON3/workspace/8-2-build-linux-amd64/jdk8u101/7261/hotspot/src/share/vm/classfile/systemDictionary.cpp, line 210]
Event: 39.615 Thread 0x00007f3abc00a800 Exception <a 'java/lang/ClassNotFoundException': com/android/build/gradle/internal/api/DefaultAndroidSourceSet_DecoratedBeanInfo> (0x00000000ee2e5508) thrown at [/HUDSON3/workspace/8-2-build-linux-amd64/jdk8u101/7261/hotspot/src/share/vm/classfile/systemD
Event: 39.615 Thread 0x00007f3abc00a800 Exception <a 'java/lang/ClassNotFoundException': com/android/build/gradle/internal/api/DefaultAndroidSourceSetBeanInfo> (0x00000000ee2fa3e8) thrown at [/HUDSON3/workspace/8-2-build-linux-amd64/jdk8u101/7261/hotspot/src/share/vm/classfile/systemDictionary.
Event: 39.622 Thread 0x00007f3abc00a800 Exception <a 'java/lang/ClassNotFoundException': com/android/build/gradle/internal/api/DefaultAndroidSourceSetCustomizer> (0x00000000ee30f808) thrown at [/HUDSON3/workspace/8-2-build-linux-amd64/jdk8u101/7261/hotspot/src/share/vm/classfile/systemDictionar
Event: 39.632 Thread 0x00007f3abc00a800 Exception <a 'java/lang/ClassNotFoundException': com/android/build/gradle/internal/api/DefaultAndroidSourceSet_DecoratedCustomizer> (0x00000000ee363fd0) thrown at [/HUDSON3/workspace/8-2-build-linux-amd64/jdk8u101/7261/hotspot/src/share/vm/classfile/syste
Event: 39.943 Thread 0x00007f3abc00a800 Implicit null exception at 0x00007f3af5aee888 to 0x00007f3af5aee921

Events (10 events):
Event: 40.032 loading class sun/security/jca/ServiceId
Event: 40.032 loading class sun/security/jca/ServiceId done
Event: 40.032 loading class java/security/Signature$Delegate
Event: 40.032 loading class java/security/Signature$Delegate done
Event: 40.032 loading class sun/security/x509/AVAKeyword
Event: 40.033 loading class sun/security/x509/AVAKeyword done
Event: 40.033 loading class sun/security/pkcs/PKCS9Attribute
Event: 40.033 loading class sun/security/pkcs/PKCS9Attribute done
Event: 40.040 Thread 0x00007f3abc00a800 Uncommon trap: trap_request=0xffffffc6 fr.pc=0x00007f3af5b6d714
Event: 40.040 Executing VM operation: RevokeBias


Dynamic libraries:
00400000-00401000 r-xp 00000000 08:07 6232247                            /usr/lib/jvm/java-8-oracle/bin/java
00600000-00601000 rw-p 00000000 08:07 6232247                            /usr/lib/jvm/java-8-oracle/bin/java
01c2f000-01c50000 rw-p 00000000 00:00 0                                  [heap]
c0000000-c5c00000 rw-p 00000000 00:00 0 
c5c00000-eab00000 ---p 00000000 00:00 0 
eab00000-f8480000 rw-p 00000000 00:00 0 
f8480000-100000000 ---p 00000000 00:00 0 
100000000-100560000 rw-p 00000000 00:00 0 
100560000-140000000 ---p 00000000 00:00 0 
7f3ab0000000-7f3ab0e29000 rw-p 00000000 00:00 0 
7f3ab0e29000-7f3ab4000000 ---p 00000000 00:00 0 
7f3ab8000000-7f3ab8065000 rw-p 00000000 00:00 0 
7f3ab8065000-7f3abc000000 ---p 00000000 00:00 0 
7f3abc000000-7f3abc298000 rw-p 00000000 00:00 0 
7f3abc298000-7f3ac0000000 ---p 00000000 00:00 0 
7f3ac0000000-7f3ac0021000 rw-p 00000000 00:00 0 
7f3ac0021000-7f3ac4000000 ---p 00000000 00:00 0 
7f3ac4000000-7f3ac4021000 rw-p 00000000 00:00 0 
7f3ac4021000-7f3ac8000000 ---p 00000000 00:00 0 
7f3ac9461000-7f3ac9662000 rw-p 00000000 00:00 0 
7f3ac9662000-7f3ac9862000 rw-p 00000000 00:00 0 
7f3ac9862000-7f3ac9a62000 rw-p 00000000 00:00 0 
7f3ac9a62000-7f3ac9a8d000 r--s 001fc000 08:07 597562                     /home/alex/Escritorio/android-studio/gradle/m2repository/com/google/guava/guava/18.0/guava-18.0.jar
7f3ac9a8d000-7f3ac9a8e000 r--s 00001000 08:07 597629                     /home/alex/Escritorio/android-studio/gradle/m2repository/com/android/tools/annotations/25.2.2/annotations-25.2.2.jar
7f3ac9a8e000-7f3ac9aa0000 r--s 000b3000 08:07 597815                     /home/alex/Escritorio/android-studio/gradle/m2repository/com/android/tools/external/com-intellij/uast/145.597.3/uast-145.597.3.jar
7f3ac9aa0000-7f3ac9aa8000 r--s 000a8000 08:07 597811                     /home/alex/Escritorio/android-studio/gradle/m2repository/com/android/tools/external/lombok/lombok-ast/0.2.3/lombok-ast-0.2.3.jar
7f3ac9aa8000-7f3ac9aaa000 r--s 0000d000 08:07 597947                     /home/alex/Escritorio/android-studio/gradle/m2repository/commons-codec/commons-codec/1.4/commons-codec-1.4.jar
7f3ac9aaa000-7f3ac9aac000 r--s 0000d000 08:07 382070                     /home/alex/Escritorio/android-studio/gradle/m2repository/commons-logging/commons-logging/1.1.1/commons-logging-1.1.1.jar
7f3ac9aac000-7f3ac9ab1000 r--s 00028000 08:07 597501                     /home/alex/Escritorio/android-studio/gradle/m2repository/org/apache/httpcomponents/httpcore/4.1/httpcore-4.1.jar
7f3ac9ab1000-7f3ac9ab5000 r--s 0002f000 08:07 597577                     /home/alex/Escritorio/android-studio/gradle/m2repository/com/google/jimfs/jimfs/1.1/jimfs-1.1.jar
7f3ac9ab5000-7f3ac9ab6000 r--s 00004000 08:07 597540                     /home/alex/Escritorio/android-studio/gradle/m2repository/com/intellij/annotations/12.0/annotations-12.0.jar
7f3ac9ab6000-7f3ac9ab7000 r--s 00004000 08:07 487351                     /home/alex/Escritorio/android-studio/gradle/m2repository/org/ow2/asm/asm-analysis/5.0.4/asm-analysis-5.0.4.jar
7f3ac9ab7000-7f3ac9abb000 r--s 0003b000 08:07 597882                     /home/alex/Escritorio/android-studio/gradle/m2repository/com/android/tools/lint/lint-api/25.2.2/lint-api-25.2.2.jar
7f3ac9abb000-7f3ac9abc000 r--s 0000a000 08:07 597922                     /home/alex/Escritorio/android-studio/gradle/m2repository/net/sf/kxml/kxml2/2.3.0/kxml2-2.3.0.jar
7f3ac9abc000-7f3ac9abe000 r--s 00005000 08:07 597497                     /home/alex/Escritorio/android-studio/gradle/m2repository/org/apache/httpcomponents/httpmime/4.1/httpmime-4.1.jar
7f3ac9abe000-7f3ac9ac6000 r--s 0004e000 08:07 597508                     /home/alex/Escritorio/android-studio/gradle/m2repository/org/apache/httpcomponents/httpclient/4.1.1/httpclient-4.1.1.jar
7f3ac9ac6000-7f3ac9acd000 r--s 00053000 08:07 597515                     /home/alex/Escritorio/android-studio/gradle/m2repository/org/apache/commons/commons-compress/1.8.1/commons-compress-1.8.1.jar
7f3ac9acd000-7f3ac9ad2000 r--s 0002a000 08:07 597572                     /home/alex/Escritorio/android-studio/gradle/m2repository/com/google/code/gson/gson/2.2.4/gson-2.2.4.jar
7f3ac9ad2000-7f3ac9ad7000 r--s 0002d000 08:07 597822                     /home/alex/Escritorio/android-studio/gradle/m2repository/com/android/tools/repository/25.2.2/repository-25.2.2.jar
7f3ac9ad7000-7f3ac9ad8000 r--s 00005000 08:07 597794                     /home/alex/Escritorio/android-studio/gradle/m2repository/com/android/tools/dvlib/25.2.2/dvlib-25.2.2.jar
7f3ac9ad8000-7f3ac9adb000 r--s 00014000 08:07 597736                     /home/alex/Escritorio/android-studio/gradle/m2repository/com/android/tools/layoutlib/layoutlib-api/25.2.2/layoutlib-api-25.2.2.jar
7f3ac9adb000-7f3ac9ae0000 r--s 00058000 08:07 487335                     /home/alex/Escritorio/android-studio/gradle/m2repository/org/ow2/asm/asm-debug-all/5.0.1/asm-debug-all-5.0.1.jar
7f3ac9ae0000-7f3ac9af0000 r--s 000d6000 08:07 597930                     /home/alex/Escritorio/android-studio/gradle/m2repository/net/sf/proguard/proguard-base/5.2.1/proguard-base-5.2.1.jar
7f3ac9af0000-7f3ac9af3000 r--s 00033000 08:07 597543                     /home/alex/Escritorio/android-studio/gradle/m2repository/com/googlecode/juniversalchardet/juniversalchardet/1.0.3/juniversalchardet-1.0.3.jar
7f3ac9af3000-7f3ac9af7000 r--s 0002a000 08:07 382066                     /home/alex/Escritorio/android-studio/gradle/m2repository/commons-io/commons-io/2.4/commons-io-2.4.jar
7f3ac9af7000-7f3ac9b0e000 r--s 00154000 08:07 597465                     /home/alex/Escritorio/android-studio/gradle/m2repository/org/antlr/antlr4/4.5.3/antlr4-4.5.3.jar
7f3ac9b0e000-7f3ac9b0f000 r--s 00002000 08:07 597592                     /home/alex/Escritorio/android-studio/gradle/m2repository/com/android/databinding/baseLibrary/2.2.2/baseLibrary-2.2.2.jar
7f3ac9b0f000-7f3ac9b22000 r--s 00236000 08:07 487392                     /home/alex/Escritorio/android-studio/gradle/m2repository/org/eclipse/jdt/core/compiler/ecj/4.5.1/ecj-4.5.1.jar
7f3ac9b22000-7f3ac9b29000 r--s 000c3000 08:07 597853                     /home/alex/Escritorio/android-studio/gradle/m2repository/com/android/tools/lint/lint-checks/25.2.2/lint-checks-25.2.2.jar
7f3ac9b29000-7f3ac9b2b000 r--s 00006000 08:07 487361                     /home/alex/Escritorio/android-studio/gradle/m2repository/org/ow2/asm/asm-tree/5.0.4/asm-tree-5.0.4.jar
7f3ac9b2b000-7f3ac9b5e000 r--s 00203000 08:07 597469                     /home/alex/Escritorio/android-studio/gradle/m2repository/org/bouncycastle/bcprov-jdk15on/1.48/bcprov-jdk15on-1.48.jar
7f3ac9b5e000-7f3ac9b6c000 r--s 00081000 08:07 597472                     /home/alex/Escritorio/android-studio/gradle/m2repository/org/bouncycastle/bcpkix-jdk15on/1.48/bcpkix-jdk15on-1.48.jar
7f3ac9b6c000-7f3ac9b6e000 r--s 00002000 08:07 597548                     /home/alex/Escritorio/android-studio/gradle/m2repository/com/squareup/javawriter/2.5.0/javawriter-2.5.0.jar
7f3ac9b6e000-7f3ac9b6f000 r--s 00002000 08:07 597828                     /home/alex/Escritorio/android-studio/gradle/m2repository/com/android/tools/analytics-library/tracker/25.2.2/tracker-25.2.2.jar
7f3ac9b6f000-7f3ac9b71000 r--s 00003000 08:07 597839                     /home/alex/Escritorio/android-studio/gradle/m2repository/com/android/tools/analytics-library/shared/25.2.2/shared-25.2.2.jar
7f3ac9b71000-7f3ac9b7e000 r--s 000ed000 08:07 597833                     /home/alex/Escritorio/android-studio/gradle/m2repository/com/android/tools/analytics-library/protos/25.2.2/protos-25.2.2.jar
7f3ac9b7e000-7f3ac9b7f000 r--s 00001000 08:07 597740                     /home/alex/Escritorio/android-studio/gradle/m2repository/com/android/tools/jill/jill-api/0.10.0/jill-api-0.10.0.jar
7f3ac9b7f000-7f3ac9b81000 r--s 00003000 08:07 597902                     /home/alex/Escritorio/android-studio/gradle/m2repository/com/android/tools/jack/jack-api/0.11.0/jack-api-0.11.0.jar
7f3ac9b81000-7f3ac9b86000 r--s 0004a000 08:07 597771                     /home/alex/Escritorio/android-studio/gradle/m2repository/com/android/tools/ddms/ddmlib/25.2.2/ddmlib-25.2.2.jar
7f3ac9b86000-7f3ac9b89000 r--s 00021000 08:07 597685                     /home/alex/Escritorio/android-studio/gradle/m2repository/com/android/tools/build/manifest-merger/25.2.2/manifest-merger-25.2.2.jar
7f3ac9b89000-7f3ac9b8b000 r--s 0001c000 08:07 597918                     /home/alex/Escritorio/android-studio/gradle/m2repository/com/android/tools/common/25.2.2/common-25.2.2.jar
7f3ac9b8b000-7f3ac9b94000 r--s 00083000 08:07 597757                     /home/alex/Escritorio/android-studio/gradle/m2repository/com/android/tools/sdk-common/25.2.2/sdk-common-25.2.2.jar
7f3ac9b94000-7f3ac9b9f000 r--s 0008e000 08:07 597895                     /home/alex/Escritorio/android-studio/gradle/m2repository/com/android/tools/sdklib/25.2.2/sdklib-25.2.2.jar
7f3ac9b9f000-7f3ac9ba0000 r--s 00002000 08:07 597661                     /home/alex/Escritorio/android-studio/gradle/m2repository/com/android/tools/build/builder-test-api/2.2.2/builder-test-api-2.2.2.jar
7f3ac9ba0000-7f3ac9ba3000 r--s 00005000 08:07 597714                     /home/alex/Escritorio/android-studio/gradle/m2repository/com/android/tools/build/builder-model/2.2.2/builder-model-2.2.2.jar
7f3ac9ba3000-7f3ac9bab000 r--s 0007b000 08:07 597568                     /home/alex/Escritorio/android-studio/gradle/m2repository/com/google/protobuf/protobuf-java/2.5.0/protobuf-java-2.5.0.jar
7f3ac9bab000-7f3ac9bad000 r--s 0000f000 08:07 487420                     /home/alex/Escritorio/android-studio/gradle/m2repository/net/sf/jopt-simple/jopt-simple/4.9/jopt-simple-4.9.jar
7f3ac9bad000-7f3ac9bb1000 r--s 0001f000 08:07 597491                     /home/alex/Escritorio/android-studio/gradle/m2repository/org/jacoco/org.jacoco.report/0.7.5.201505241946/org.jacoco.report-0.7.5.201505241946.jar
7f3ac9bb1000-7f3ac9bb5000 r--s 0001d000 08:07 597483                     /home/alex/Escritorio/android-studio/gradle/m2repository/org/jacoco/org.jacoco.core/0.7.5.201505241946/org.jacoco.core-0.7.5.201505241946.jar
7f3ac9bb5000-7f3ac9bb7000 r--s 00009000 08:07 487367                     /home/alex/Escritorio/android-studio/gradle/m2repository/org/ow2/asm/asm-commons/5.0.4/asm-commons-5.0.4.jar
7f3ac9bb7000-7f3ac9bb9000 r--s 0000c000 08:07 487386                     /home/alex/Escritorio/android-studio/gradle/m2repository/org/ow2/asm/asm/5.0.4/asm-5.0.4.jar
7f3ac9bb9000-7f3ac9bbd000 r--s 0002b000 08:07 597613                     /home/alex/Escritorio/android-studio/gradle/m2repository/com/android/databinding/compilerCommon/2.2.2/compilerCommon-2.2.2.jar
7f3ac9bbd000-7f3ac9dbd000 rw-p 00000000 00:00 0 
7f3ac9dbd000-7f3ac9fbd000 rw-p 00000000 00:00 0 
7f3ac9fbd000-7f3aca02d000 r--s 00643000 08:07 381779                     /home/alex/Escritorio/android-studio/lib/groovy-all-2.4.6.jar
7f3aca02d000-7f3aca22d000 rw-p 00000000 00:00 0 
7f3aca22d000-7f3aca42d000 rw-p 00000000 00:00 0 
7f3aca42d000-7f3aca62d000 rw-p 00000000 00:00 0 
7f3aca62d000-7f3aca62e000 r--s 00002000 08:07 597940                     /home/alex/Escritorio/android-studio/gradle/m2repository/net/sf/proguard/proguard-gradle/5.2.1/proguard-gradle-5.2.1.jar
7f3aca62e000-7f3aca62f000 r--s 00002000 08:07 597673                     /home/alex/Escritorio/android-studio/gradle/m2repository/com/android/tools/build/gradle-api/2.2.2/gradle-api-2.2.2.jar
7f3aca62f000-7f3aca630000 r--s 00000000 08:07 597699                     /home/alex/Escritorio/android-studio/gradle/m2repository/com/android/tools/build/transform-api/2.0.0-deprecated-use-gradle-api/transform-api-2.0.0-deprecated-use-gradle-api.jar
7f3aca630000-7f3aca635000 r--s 00053000 08:07 597868                     /home/alex/Escritorio/android-studio/gradle/m2repository/com/android/tools/lint/lint/25.2.2/lint-25.2.2.jar
7f3aca635000-7f3aca64c000 r--s 0015d000 08:07 597650                     /home/alex/Escritorio/android-studio/gradle/m2repository/com/android/tools/build/builder/2.2.2/builder-2.2.2.jar
7f3aca64c000-7f3aca656000 r--s 000ae000 08:07 421726                     /home/alex/.gradle/caches/modules-2/files-2.1/org.javassist/javassist/3.20.0-GA/a9cbcdfb7e9f86fbc74d3afae65f2248bfbf82a0/javassist-3.20.0-GA.jar
7f3aca656000-7f3aca657000 r--s 00000000 08:07 472941                     /home/alex/.gradle/caches/modules-2/files-2.1/io.realm/realm-annotations/2.1.1/d5a450f6ad58f779e924381744ecff0ef7e8d453/realm-annotations-2.1.1.jar
7f3aca657000-7f3aca659000 r--s 00011000 08:07 472940                     /home/alex/.gradle/caches/modules-2/files-2.1/io.realm/realm-transformer/2.1.1/a4aef5a06ca90e6b00c312f9563754857a55dc61/realm-transformer-2.1.1.jar
7f3aca659000-7f3aca675000 r--s 0019d000 08:07 597698                     /home/alex/Escritorio/android-studio/gradle/m2repository/com/android/tools/build/gradle-core/2.2.2/gradle-core-2.2.2.jar
7f3aca675000-7f3aca676000 r--s 00001000 08:07 472938                     /home/alex/.gradle/caches/modules-2/files-2.1/io.realm/realm-gradle-plugin/2.1.1/b2bc3477ba0c2a6157f0fb8618acfbac9c69132b/realm-gradle-plugin-2.1.1.jar
7f3aca676000-7f3aca677000 r--s 00004000 08:07 408023                     /home/alex/.gradle/caches/modules-2/files-2.1/com.neenbedankt.gradle.plugins/android-apt/1.8/d3c508f0ea2b2bb93c2816a83351090dd662eaac/android-apt-1.8.jar
7f3aca677000-7f3aca679000 r--s 0000d000 08:07 597724                     /home/alex/Escritorio/android-studio/gradle/m2repository/com/android/tools/build/gradle/2.2.2/gradle-2.2.2.jar
7f3aca679000-7f3aca67a000 r--s 00002000 08:07 381776                     /home/alex/Escritorio/android-studio/lib/external-system-rt.jar
7f3aca67a000-7f3aca67c000 r--s 0000a000 08:07 563289                     /home/alex/Escritorio/android-studio/plugins/gradle/lib/gradle-tooling-extension-api.jar
7f3aca67c000-7f3aca67f000 ---p 00000000 00:00 0 
7f3aca67f000-7f3aca6b5000 rw-p 00000000 00:00 0 
7f3aca6b5000-7f3aca6b6000 r--p 00000000 00:00 0 
7f3aca6b6000-7f3aca6bb000 r--s 00076000 08:07 563306                     /home/alex/Escritorio/android-studio/plugins/gradle/lib/gradle-tooling-extension-impl.jar
7f3aca6bb000-7f3aca6e3000 r--s 001cf000 08:07 563286                     /home/alex/Escritorio/android-studio/plugins/gradle/lib/guava-jdk5-17.0.jar
7f3aca6e3000-7f3aca6e8000 r--s 00034000 08:07 381749                     /home/alex/Escritorio/android-studio/lib/gson-2.5.jar
7f3aca6e8000-7f3aca8e8000 rw-p 00000000 00:00 0 
7f3aca8e8000-7f3aca8e9000 r--s 00000000 08:07 3151141                    /home/alex/.gradle/caches/jars-1/dg22azhabc6tsc1i8xni15giz1bnssh/gradle-appengine-builder-model-0.1.0.jar
7f3aca8e9000-7f3aca8ec000 r--s 00005000 08:07 3070997                    /home/alex/.gradle/caches/jars-1/aembewtwr3e7s6a0xkzh7au0nqprc8i/builder-model-2.2.0-alpha6.jar
7f3aca8ec000-7f3aca8ed000 r--s 00002000 08:07 3070996                    /home/alex/.gradle/caches/jars-1/9pat4a2vl3jrskpg2kra342ensd6e7/external-system-rt.jar
7f3aca8ed000-7f3aca8ef000 r--s 0000a000 08:07 3070995                    /home/alex/.gradle/caches/jars-1/411vq8j40nmkhjbby7ci72fm3i2jnfb/gradle-tooling-extension-api.jar
7f3aca8ef000-7f3aca8fc000 r--s 0017f000 08:07 3070994                    /home/alex/.gradle/caches/jars-1/k645wab4rd5a5h570wgy6nyiiaa7avd/velocity.jar
7f3aca8fc000-7f3aca933000 r--s 001bd000 08:07 3070993                    /home/alex/.gradle/caches/jars-1/2xkn8y4g49ep3x2f5cg5s5a2xqtca3v/gradle-core-2.14.1.jar
7f3aca933000-7f3aca95b000 r--s 001cf000 08:07 3151131                    /home/alex/.gradle/caches/jars-1/87eo0lrvp84r6dbxjq018wy66es2era/guava-jdk5-17.0.jar
7f3aca95b000-7f3aca963000 r--s 0003a000 08:07 3070992                    /home/alex/.gradle/caches/jars-1/fdivu3ta8l5xdemt5omuo26ei8xpixu/gradle-base-services-2.14.1.jar
7f3aca963000-7f3aca971000 r--s 0004f000 08:07 3070991                    /home/alex/.gradle/caches/jars-1/lx7cd34m09bn56fdke7xikr221f6475/gradle-tooling-api-2.14.1.jar
7f3aca971000-7f3aca974000 ---p 00000000 00:00 0 
7f3aca974000-7f3acac72000 rw-p 00000000 00:00 0 
7f3acac72000-7f3acae72000 rw-p 00000000 00:00 0 
7f3acae72000-7f3acaeeb000 r--s 010e5000 08:07 6230750                    /usr/lib/jvm/java-8-oracle/lib/tools.jar
7f3acaeeb000-7f3acb0eb000 rw-p 00000000 00:00 0 
7f3acb0eb000-7f3acb0ee000 ---p 00000000 00:00 0 
7f3acb0ee000-7f3acb1ec000 rw-p 00000000 00:00 0 
7f3acb1ec000-7f3acb1ef000 ---p 00000000 00:00 0 
7f3acb1ef000-7f3acb2ed000 rw-p 00000000 00:00 0 
7f3acb2ed000-7f3acb2f0000 ---p 00000000 00:00 0 
7f3acb2f0000-7f3acb3ee000 rw-p 00000000 00:00 0 
7f3acb3ee000-7f3acb3f1000 ---p 00000000 00:00 0 
7f3acb3f1000-7f3acb4ef000 rw-p 00000000 00:00 0 
7f3acb4ef000-7f3acb4f2000 ---p 00000000 00:00 0 
7f3acb4f2000-7f3acb5f0000 rw-p 00000000 00:00 0 
7f3acb5f0000-7f3acb5f3000 ---p 00000000 00:00 0 
7f3acb5f3000-7f3acb8f1000 rw-p 00000000 00:00 0 
7f3acb8f1000-7f3acb8f8000 r--s 00000000 08:07 136784                     /usr/lib/x86_64-linux-gnu/gconv/gconv-modules.cache
7f3acb8f8000-7f3acb8fb000 ---p 00000000 00:00 0 
7f3acb8fb000-7f3acb9f9000 rw-p 00000000 00:00 0 
7f3acb9f9000-7f3acb9fc000 ---p 00000000 00:00 0 
7f3acb9fc000-7f3acbafa000 rw-p 00000000 00:00 0 
7f3acbafa000-7f3acbb03000 r-xp 00000000 08:07 6232061                    /usr/lib/jvm/java-8-oracle/jre/lib/amd64/libmanagement.so
7f3acbb03000-7f3acbd02000 ---p 00009000 08:07 6232061                    /usr/lib/jvm/java-8-oracle/jre/lib/amd64/libmanagement.so
7f3acbd02000-7f3acbd03000 rw-p 00008000 08:07 6232061                    /usr/lib/jvm/java-8-oracle/jre/lib/amd64/libmanagement.so
7f3acbd03000-7f3acbd07000 r--s 00097000 08:07 6232029                    /usr/lib/jvm/java-8-oracle/jre/lib/jsse.jar
7f3acbd07000-7f3acbd09000 r--s 00007000 08:07 381937                     /home/alex/Escritorio/android-studio/gradle/gradle-2.14.1/lib/plugins/gradle-tooling-api-builders-2.14.1.jar
7f3acbd09000-7f3acbd0c000 r--s 00008000 08:07 381931                     /home/alex/Escritorio/android-studio/gradle/gradle-2.14.1/lib/plugins/gradle-testing-native-2.14.1.jar
7f3acbd0c000-7f3acbd0e000 r--s 00009000 08:07 382012                     /home/alex/Escritorio/android-studio/gradle/gradle-2.14.1/lib/plugins/hamcrest-core-1.3.jar
7f3acbd0e000-7f3acbd14000 r--s 00033000 08:07 381942                     /home/alex/Escritorio/android-studio/gradle/gradle-2.14.1/lib/plugins/snakeyaml-1.6.jar
7f3acbd14000-7f3acbd16000 r--s 00006000 08:07 381963                     /home/alex/Escritorio/android-studio/gradle/gradle-2.14.1/lib/plugins/jcommander-1.12.jar
7f3acbd16000-7f3acbd1b000 r--s 00040000 08:07 381940                     /home/alex/Escritorio/android-studio/gradle/gradle-2.14.1/lib/plugins/bsh-2.0b4.jar
7f3acbd1b000-7f3acbd24000 r--s 00089000 08:07 381966                     /home/alex/Escritorio/android-studio/gradle/gradle-2.14.1/lib/plugins/testng-6.3.1.jar
7f3acbd24000-7f3acbd2c000 r--s 00045000 08:07 381971                     /home/alex/Escritorio/android-studio/gradle/gradle-2.14.1/lib/plugins/junit-4.12.jar
7f3acbd2c000-7f3acbd32000 r--s 0002e000 08:07 381947                     /home/alex/Escritorio/android-studio/gradle/gradle-2.14.1/lib/plugins/gradle-testing-jvm-2.14.1.jar
7f3acbd32000-7f3acbd37000 r--s 00015000 08:07 381956                     /home/alex/Escritorio/android-studio/gradle/gradle-2.14.1/lib/plugins/gradle-testing-base-2.14.1.jar
7f3acbd37000-7f3acbd38000 r--s 00002000 08:07 381969                     /home/alex/Escritorio/android-studio/gradle/gradle-2.14.1/lib/plugins/sonar-batch-bootstrapper-2.9.jar
7f3acbd38000-7f3acbd3b000 r--s 00015000 08:07 381946                     /home/alex/Escritorio/android-studio/gradle/gradle-2.14.1/lib/plugins/gradle-sonar-2.14.1.jar
7f3acbd3b000-7f3acbd42000 r--s 00038000 08:07 381987                     /home/alex/Escritorio/android-studio/gradle/gradle-2.14.1/lib/plugins/bcpg-jdk15on-1.51.jar
7f3acbd42000-7f3acbd44000 r--s 0000d000 08:07 381993                     /home/alex/Escritorio/android-studio/gradle/gradle-2.14.1/lib/plugins/gradle-signing-2.14.1.jar
7f3acbd44000-7f3acbd47000 r--s 00009000 08:07 381976                     /home/alex/Escritorio/android-studio/gradle/gradle-2.14.1/lib/plugins/gradle-scala-2.14.1.jar
7f3acbd47000-7f3acbd48000 r--s 00004000 08:07 382000                     /home/alex/Escritorio/android-studio/gradle/gradle-2.14.1/lib/plugins/gradle-resources-sftp-2.14.1.jar
7f3acbd48000-7f3acbd58000 r--s 00088000 08:07 381953                     /home/alex/Escritorio/android-studio/gradle/gradle-2.14.1/lib/plugins/joda-time-2.8.2.jar
7f3acbd58000-7f3acbd69000 r--s 000cf000 08:07 382019                     /home/alex/Escritorio/android-studio/gradle/gradle-2.14.1/lib/plugins/jackson-databind-2.3.2.jar
7f3acbd69000-7f3acbd6b000 r--s 00007000 08:07 381982                     /home/alex/Escritorio/android-studio/gradle/gradle-2.14.1/lib/plugins/jackson-annotations-2.3.2.jar
7f3acbd6b000-7f3acbd6e000 r--s 0002e000 08:07 381989                     /home/alex/Escritorio/android-studio/gradle/gradle-2.14.1/lib/plugins/jackson-core-2.3.2.jar
7f3acbd6e000-7f3acbd79000 r--s 0006b000 08:07 382035                     /home/alex/Escritorio/android-studio/gradle/gradle-2.14.1/lib/plugins/aws-java-sdk-core-1.9.19.jar
7f3acbd79000-7f3acbd7f000 r--s 00036000 08:07 381981                     /home/alex/Escritorio/android-studio/gradle/gradle-2.14.1/lib/plugins/aws-java-sdk-kms-1.9.19.jar
7f3acbd7f000-7f3acbd8a000 r--s 00079000 08:07 381968                     /home/alex/Escritorio/android-studio/gradle/gradle-2.14.1/lib/plugins/aws-java-sdk-s3-1.9.19.jar
7f3acbd8a000-7f3acbd8c000 r--s 00005000 08:07 382010                     /home/alex/Escritorio/android-studio/gradle/gradle-2.14.1/lib/plugins/jatl-0.2.2.jar
7f3acbd8c000-7f3acbd8e000 r--s 0000f000 08:07 382027                     /home/alex/Escritorio/android-studio/gradle/gradle-2.14.1/lib/plugins/gradle-reporting-2.14.1.jar
7f3acbd8e000-7f3acbd90000 r--s 00002000 08:07 381986                     /home/alex/Escritorio/android-studio/gradle/gradle-2.14.1/lib/plugins/gradle-publish-2.14.1.jar
7f3acbd90000-7f3acbd92000 r--s 00009000 08:07 381959                     /home/alex/Escritorio/android-studio/gradle/gradle-2.14.1/lib/plugins/commons-cli-1.2.jar
7f3acbd92000-7f3acbd98000 r--s 00033000 08:07 381970                     /home/alex/Escritorio/android-studio/gradle/gradle-2.14.1/lib/plugins/gradle-plugins-2.14.1.jar
7f3acbd98000-7f3acbd9a000 r--s 00007000 08:07 381934                     /home/alex/Escritorio/android-studio/gradle/gradle-2.14.1/lib/plugins/gradle-plugin-development-2.14.1.jar
7f3acbd9a000-7f3acbda0000 r--s 0002a000 08:07 381992                     /home/alex/Escritorio/android-studio/gradle/gradle-2.14.1/lib/plugins/gradle-platform-play-2.14.1.jar
7f3acbda0000-7f3acbdad000 r--s 0004d000 08:07 381991                     /home/alex/Escritorio/android-studio/gradle/gradle-2.14.1/lib/plugins/gradle-platform-native-2.14.1.jar
7f3acbdad000-7f3acbdb1000 r--s 0001a000 08:07 382013                     /home/alex/Escritorio/android-studio/gradle/gradle-2.14.1/lib/plugins/gradle-platform-jvm-2.14.1.jar
7f3acbdb1000-7f3acbdb8000 r--s 00029000 08:07 381962                     /home/alex/Escritorio/android-studio/gradle/gradle-2.14.1/lib/plugins/gradle-platform-base-2.14.1.jar
7f3acbdb8000-7f3acbdd9000 r--s 001c3000 08:07 381938                     /home/alex/Escritorio/android-studio/gradle/gradle-2.14.1/lib/plugins/bndlib-2.4.0.jar
7f3acbdd9000-7f3acbddb000 r--s 00003000 08:07 382018                     /home/alex/Escritorio/android-studio/gradle/gradle-2.14.1/lib/plugins/gradle-osgi-2.14.1.jar
7f3acbddb000-7f3acbdde000 r--s 0000c000 08:07 382022                     /home/alex/Escritorio/android-studio/gradle/gradle-2.14.1/lib/plugins/pmaven-groovy-0.8-20100325.jar
7f3acbdde000-7f3acbde4000 r--s 00022000 08:07 381961                     /home/alex/Escritorio/android-studio/gradle/gradle-2.14.1/lib/plugins/gradle-maven-2.14.1.jar
7f3acbde4000-7f3acbdea000 r--s 0001a000 08:07 381948                     /home/alex/Escritorio/android-studio/gradle/gradle-2.14.1/lib/plugins/gradle-language-native-2.14.1.jar
7f3acbdea000-7f3acbe00000 r-xp 00000000 08:07 1446174                    /lib/x86_64-linux-gnu/libgcc_s.so.1
7f3acbe00000-7f3acbfff000 ---p 00016000 08:07 1446174                    /lib/x86_64-linux-gnu/libgcc_s.so.1
7f3acbfff000-7f3acc000000 rw-p 00015000 08:07 1446174                    /lib/x86_64-linux-gnu/libgcc_s.so.1
7f3acc000000-7f3acced5000 rw-p 00000000 00:00 0 
7f3acced5000-7f3ad0000000 ---p 00000000 00:00 0 
7f3ad0000000-7f3ad0021000 rw-p 00000000 00:00 0 
7f3ad0021000-7f3ad4000000 ---p 00000000 00:00 0 
7f3ad4000000-7f3ad4021000 rw-p 00000000 00:00 0 
7f3ad4021000-7f3ad8000000 ---p 00000000 00:00 0 
7f3ad8000000-7f3ad9f66000 rw-p 00000000 00:00 0 
7f3ad9f66000-7f3adc000000 ---p 00000000 00:00 0 
7f3adc000000-7f3adc021000 rw-p 00000000 00:00 0 
7f3adc021000-7f3ae0000000 ---p 00000000 00:00 0 
7f3ae0000000-7f3ae0021000 rw-p 00000000 00:00 0 
7f3ae0021000-7f3ae4000000 ---p 00000000 00:00 0 
7f3ae4000000-7f3ae4035000 rw-p 00000000 00:00 0 
7f3ae4035000-7f3ae8000000 ---p 00000000 00:00 0 
7f3ae8000000-7f3ae828f000 rw-p 00000000 00:00 0 
7f3ae828f000-7f3aec000000 ---p 00000000 00:00 0 
7f3aec000000-7f3aec036000 rw-p 00000000 00:00 0 
7f3aec036000-7f3af0000000 ---p 00000000 00:00 0 
7f3af0000000-7f3af0001000 r--s 00003000 08:07 382015                     /home/alex/Escritorio/android-studio/gradle/gradle-2.14.1/lib/plugins/gradle-resources-s3-2.14.1.jar
7f3af0001000-7f3af0002000 r--s 00004000 08:07 382008                     /home/alex/Escritorio/android-studio/gradle/gradle-2.14.1/lib/plugins/pmaven-common-0.8-20100325.jar
7f3af0002000-7f3af0004000 r--s 0000a000 08:07 381943                     /home/alex/Escritorio/android-studio/gradle/gradle-2.14.1/lib/plugins/gradle-language-scala-2.14.1.jar
7f3af0004000-7f3af0006000 r--s 00008000 08:07 381936                     /home/alex/Escritorio/android-studio/gradle/gradle-2.14.1/lib/plugins/gradle-language-jvm-2.14.1.jar
7f3af0006000-7f3af000c000 r--s 00024000 08:07 382009                     /home/alex/Escritorio/android-studio/gradle/gradle-2.14.1/lib/plugins/gradle-language-java-2.14.1.jar
7f3af000c000-7f3af000e000 r--s 0000a000 08:07 381990                     /home/alex/Escritorio/android-studio/gradle/gradle-2.14.1/lib/plugins/gradle-language-groovy-2.14.1.jar
7f3af000e000-7f3af0011000 r--s 0001e000 08:07 381930                     /home/alex/Escritorio/android-studio/gradle/gradle-2.14.1/lib/plugins/jsp-api-2.1-6.1.14.jar
7f3af0011000-7f3af0034000 r--s 00344000 08:07 381983                     /home/alex/Escritorio/android-studio/gradle/gradle-2.14.1/lib/plugins/core-3.1.1.jar
7f3af0034000-7f3af0035000 r--s 00006000 08:07 382020                     /home/alex/Escritorio/android-studio/gradle/gradle-2.14.1/lib/plugins/jetty-naming-6.1.25.jar
7f3af0035000-7f3af0036000 r--s 00002000 08:07 381978                     /home/alex/Escritorio/android-studio/gradle/gradle-2.14.1/lib/plugins/geronimo-annotation_1.0_spec-1.0.jar
7f3af0036000-7f3af0038000 r--s 00002000 08:07 382016                     /home/alex/Escritorio/android-studio/gradle/gradle-2.14.1/lib/plugins/jetty-annotations-6.1.25.jar
7f3af0038000-7f3af0049000 r--s 000ea000 08:07 382029                     /home/alex/Escritorio/android-studio/gradle/gradle-2.14.1/lib/plugins/jsp-2.1-6.1.14.jar
7f3af0049000-7f3af004b000 r--s 0000d000 08:07 381984                     /home/alex/Escritorio/android-studio/gradle/gradle-2.14.1/lib/plugins/jetty-plus-6.1.25.jar
7f3af004b000-7f3af004d000 r--s 0001f000 08:07 382042                     /home/alex/Escritorio/android-studio/gradle/gradle-2.14.1/lib/plugins/servlet-api-2.5-20081211.jar
7f3af004d000-7f3af0051000 r--s 00028000 08:07 381964                     /home/alex/Escritorio/android-studio/gradle/gradle-2.14.1/lib/plugins/jetty-util-6.1.25.jar
7f3af0051000-7f3af0058000 r--s 0007d000 08:07 381972                     /home/alex/Escritorio/android-studio/gradle/gradle-2.14.1/lib/plugins/jetty-6.1.25.jar
7f3af0058000-7f3af005a000 r--s 00009000 08:07 382025                     /home/alex/Escritorio/android-studio/gradle/gradle-2.14.1/lib/plugins/gradle-jetty-2.14.1.jar
7f3af005a000-7f3af0061000 r--s 00035000 08:07 382038                     /home/alex/Escritorio/android-studio/gradle/gradle-2.14.1/lib/plugins/simple-4.1.21.jar
7f3af0061000-7f3af006d000 r--s 00100000 08:07 381954                     /home/alex/Escritorio/android-studio/gradle/gradle-2.14.1/lib/plugins/rhino-1.7R3.jar
7f3af006d000-7f3af0071000 r--s 00011000 08:07 382007                     /home/alex/Escritorio/android-studio/gradle/gradle-2.14.1/lib/plugins/gradle-javascript-2.14.1.jar
7f3af0071000-7f3af0073000 r--s 0000c000 08:07 382040                     /home/alex/Escritorio/android-studio/gradle/gradle-2.14.1/lib/plugins/gradle-jacoco-2.14.1.jar
7f3af0073000-7f3af0076000 r--s 0000e000 08:07 382037                     /home/alex/Escritorio/android-studio/gradle/gradle-2.14.1/lib/plugins/gradle-ivy-2.14.1.jar
7f3af0076000-7f3af0077000 r--s 00002000 08:07 382030                     /home/alex/Escritorio/android-studio/gradle/gradle-2.14.1/lib/plugins/gradle-ide-play-2.14.1.jar
7f3af0077000-7f3af007c000 r--s 0002b000 08:07 382026                     /home/alex/Escritorio/android-studio/gradle/gradle-2.14.1/lib/plugins/gradle-ide-native-2.14.1.jar
7f3af007c000-7f3af0087000 r--s 00066000 08:07 381944                     /home/alex/Escritorio/android-studio/gradle/gradle-2.14.1/lib/plugins/gradle-ide-2.14.1.jar
7f3af0087000-7f3af0088000 r--s 00008000 08:07 381941                     /home/alex/Escritorio/android-studio/gradle/gradle-2.14.1/lib/plugins/gradle-ear-2.14.1.jar
7f3af0088000-7f3af008e000 r--s 00032000 08:07 381952                     /home/alex/Escritorio/android-studio/gradle/gradle-2.14.1/lib/plugins/gradle-diagnostics-2.14.1.jar
7f3af008e000-7f3af0092000 r--s 00021000 08:07 382028                     /home/alex/Escritorio/android-studio/gradle/gradle-2.14.1/lib/plugins/gradle-code-quality-2.14.1.jar
7f3af0092000-7f3af0096000 r--s 0001f000 08:07 381951                     /home/alex/Escritorio/android-studio/gradle/gradle-2.14.1/lib/plugins/gradle-build-init-2.14.1.jar
7f3af0096000-7f3af009d000 r--s 0008e000 08:07 382034                     /home/alex/Escritorio/android-studio/gradle/gradle-2.14.1/lib/plugins/gradle-build-comparison-2.14.1.jar
7f3af009d000-7f3af009f000 r--s 00008000 08:07 382011                     /home/alex/Escritorio/android-studio/gradle/gradle-2.14.1/lib/plugins/gradle-antlr-2.14.1.jar
7f3af009f000-7f3af00a1000 r--s 00004000 08:07 382036                     /home/alex/Escritorio/android-studio/gradle/gradle-2.14.1/lib/plugins/gradle-announce-2.14.1.jar
7f3af00a1000-7f3af00b9000 r--s 00115000 08:07 381975                     /home/alex/Escritorio/android-studio/gradle/gradle-2.14.1/lib/plugins/xercesImpl-2.9.1.jar
7f3af00b9000-7f3af00c1000 r--s 00028000 08:07 382003                     /home/alex/Escritorio/android-studio/gradle/gradle-2.14.1/lib/plugins/xml-apis-1.3.04.jar
7f3af00c1000-7f3af00c7000 r--s 0005b000 08:07 381994                     /home/alex/Escritorio/android-studio/gradle/gradle-2.14.1/lib/plugins/jcifs-1.3.17.jar
7f3af00c7000-7f3af00ce000 r--s 00049000 08:07 382005                     /home/alex/Escritorio/android-studio/gradle/gradle-2.14.1/lib/plugins/httpcore-4.4.4.jar
7f3af00ce000-7f3af00d4000 r--s 00033000 08:07 381950                     /home/alex/Escritorio/android-studio/gradle/gradle-2.14.1/lib/plugins/commons-codec-1.6.jar
7f3af00d4000-7f3af00d7000 r--s 0001c000 08:07 381945                     /home/alex/Escritorio/android-studio/gradle/gradle-2.14.1/lib/plugins/nekohtml-1.9.14.jar
7f3af00d7000-7f3af00e4000 r--s 000a4000 08:07 382023                     /home/alex/Escritorio/android-studio/gradle/gradle-2.14.1/lib/plugins/httpclient-4.4.1.jar
7f3af00e4000-7f3af00e6000 r--s 0000a000 08:07 381932                     /home/alex/Escritorio/android-studio/gradle/gradle-2.14.1/lib/plugins/gradle-resources-http-2.14.1.jar
7f3af00e6000-7f3af00ea000 r--s 00014000 08:07 381997                     /home/alex/Escritorio/android-studio/gradle/gradle-2.14.1/lib/plugins/gradle-plugin-use-2.14.1.jar
7f3af00ea000-7f3af00eb000 r--s 00000000 08:07 381889                     /home/alex/Escritorio/android-studio/gradle/gradle-2.14.1/lib/gradle-installation-beacon-2.14.1.jar
7f3af00eb000-7f3af00ec000 r--s 00007000 08:07 381960                     /home/alex/Escritorio/android-studio/gradle/gradle-2.14.1/lib/plugins/wagon-http-shared4-2.4.jar
7f3af00ec000-7f3af00f0000 r--s 00033000 08:07 382014                     /home/alex/Escritorio/android-studio/gradle/gradle-2.14.1/lib/plugins/plexus-utils-2.0.6.jar
7f3af00f0000-7f3af00f4000 r--s 00021000 08:07 381996                     /home/alex/Escritorio/android-studio/gradle/gradle-2.14.1/lib/plugins/maven-model-builder-3.0.4.jar
7f3af00f4000-7f3af00f5000 r--s 00002000 08:07 381949                     /home/alex/Escritorio/android-studio/gradle/gradle-2.14.1/lib/plugins/wagon-file-2.4.jar
7f3af00f5000-7f3af00f7000 r--s 00002000 08:07 382006                     /home/alex/Escritorio/android-studio/gradle/gradle-2.14.1/lib/plugins/plexus-cipher-1.7.jar
7f3af00f7000-7f3af00fa000 r--s 00013000 08:07 382041                     /home/alex/Escritorio/android-studio/gradle/gradle-2.14.1/lib/plugins/aether-api-1.13.1.jar
7f3af00fa000-7f3af00fc000 r--s 0000a000 08:07 381965                     /home/alex/Escritorio/android-studio/gradle/gradle-2.14.1/lib/plugins/maven-settings-3.0.4.jar
7f3af00fc000-7f3af00fe000 r--s 0000d000 08:07 381998                     /home/alex/Escritorio/android-studio/gradle/gradle-2.14.1/lib/plugins/plexus-interpolation-1.14.jar
7f3af00fe000-7f3af0100000 r--s 0000b000 08:07 382021                     /home/alex/Escritorio/android-studio/gradle/gradle-2.14.1/lib/plugins/maven-artifact-3.0.4.jar
7f3af0100000-7f3af0107000 r--s 0002e000 08:07 381957                     /home/alex/Escritorio/android-studio/gradle/gradle-2.14.1/lib/plugins/plexus-container-default-1.5.5.jar
7f3af0107000-7f3af0109000 r--s 0000b000 08:07 381985                     /home/alex/Escritorio/android-studio/gradle/gradle-2.14.1/lib/plugins/maven-plugin-api-3.0.4.jar
7f3af0109000-7f3af010b000 r--s 00000000 08:07 381988                     /home/alex/Escritorio/android-studio/gradle/gradle-2.14.1/lib/plugins/plexus-component-annotations-1.5.5.jar
7f3af010b000-7f3af0111000 r--s 0003f000 08:07 381999                     /home/alex/Escritorio/android-studio/gradle/gradle-2.14.1/lib/plugins/maven-compat-3.0.4.jar
7f3af0111000-7f3af0114000 r--s 00008000 08:07 381973                     /home/alex/Escritorio/android-studio/gradle/gradle-2.14.1/lib/plugins/maven-settings-builder-3.0.4.jar
7f3af0114000-7f3af0115000 r--s 00002000 08:07 381929                     /home/alex/Escritorio/android-studio/gradle/gradle-2.14.1/lib/plugins/wagon-http-2.4.jar
7f3af0115000-7f3af0117000 r--s 00026000 08:07 382039                     /home/alex/Escritorio/android-studio/gradle/gradle-2.14.1/lib/plugins/maven-model-3.0.4.jar
7f3af0117000-7f3af0119000 r--s 00006000 08:07 382017                     /home/alex/Escritorio/android-studio/gradle/gradle-2.14.1/lib/plugins/aether-connector-wagon-1.13.1.jar
7f3af0119000-7f3af011b000 r--s 0000a000 08:07 381958                     /home/alex/Escritorio/android-studio/gradle/gradle-2.14.1/lib/plugins/plexus-classworlds-2.4.jar
7f3af011b000-7f3af011d000 r--s 00006000 08:07 382001                     /home/alex/Escritorio/android-studio/gradle/gradle-2.14.1/lib/plugins/maven-repository-metadata-3.0.4.jar
7f3af011d000-7f3af011f000 r--s 0000c000 08:07 381977                     /home/alex/Escritorio/android-studio/gradle/gradle-2.14.1/lib/plugins/maven-aether-provider-3.0.4.jar
7f3af011f000-7f3af0121000 r--s 0000b000 08:07 381967                     /home/alex/Escritorio/android-studio/gradle/gradle-2.14.1/lib/plugins/wagon-provider-api-2.4.jar
7f3af0121000-7f3af0122000 r--s 00003000 08:07 381933                     /home/alex/Escritorio/android-studio/gradle/gradle-2.14.1/lib/plugins/aether-spi-1.13.1.jar
7f3af0122000-7f3af0126000 r--s 0001c000 08:07 382031                     /home/alex/Escritorio/android-studio/gradle/gradle-2.14.1/lib/plugins/aether-util-1.13.1.jar
7f3af0126000-7f3af0129000 r--s 0001d000 08:07 381995                     /home/alex/Escritorio/android-studio/gradle/gradle-2.14.1/lib/plugins/aether-impl-1.13.1.jar
7f3af0129000-7f3af012e000 r--s 00040000 08:07 381935                     /home/alex/Escritorio/android-studio/gradle/gradle-2.14.1/lib/plugins/jsch-0.1.53.jar
7f3af012e000-7f3af016e000 r--s 00277000 08:07 381939                     /home/alex/Escritorio/android-studio/gradle/gradle-2.14.1/lib/plugins/bcprov-jdk15on-1.51.jar
7f3af016e000-7f3af0172000 r--s 0001d000 08:07 381980                     /home/alex/Escritorio/android-studio/gradle/gradle-2.14.1/lib/plugins/xbean-reflect-3.4.jar
7f3af0172000-7f3af017e000 r--s 0007d000 08:07 382004                     /home/alex/Escritorio/android-studio/gradle/gradle-2.14.1/lib/plugins/maven-core-3.0.4.jar
7f3af017e000-7f3af018d000 r--s 000d9000 08:07 381955                     /home/alex/Escritorio/android-studio/gradle/gradle-2.14.1/lib/plugins/ivy-2.2.0.jar
7f3af018d000-7f3af0273000 r-xp 00000000 08:07 6160562                    /usr/lib/x86_64-linux-gnu/libstdc++.so.6.0.19
7f3af0273000-7f3af0472000 ---p 000e6000 08:07 6160562                    /usr/lib/x86_64-linux-gnu/libstdc++.so.6.0.19
7f3af0472000-7f3af047a000 r--p 000e5000 08:07 6160562                    /usr/lib/x86_64-linux-gnu/libstdc++.so.6.0.19
7f3af047a000-7f3af047c000 rw-p 000ed000 08:07 6160562                    /usr/lib/x86_64-linux-gnu/libstdc++.so.6.0.19
7f3af047c000-7f3af0491000 rw-p 00000000 00:00 0 
7f3af0491000-7f3af0492000 r--s 00006000 08:07 382002                     /home/alex/Escritorio/android-studio/gradle/gradle-2.14.1/lib/plugins/plexus-sec-dispatcher-1.3.jar
7f3af0492000-7f3af0497000 r--s 0002a000 08:07 381974                     /home/alex/Escritorio/android-studio/gradle/gradle-2.14.1/lib/plugins/gson-2.2.4.jar
7f3af0497000-7f3af04b3000 r--s 000d3000 08:07 381979                     /home/alex/Escritorio/android-studio/gradle/gradle-2.14.1/lib/plugins/gradle-dependency-management-2.14.1.jar
7f3af04b3000-7f3af04b7000 r-xp 00000000 08:07 3023826                    /home/alex/.gradle/native/19/linux-amd64/libnative-platform.so
7f3af04b7000-7f3af06b6000 ---p 00004000 08:07 3023826                    /home/alex/.gradle/native/19/linux-amd64/libnative-platform.so
7f3af06b6000-7f3af06b7000 rw-p 00003000 08:07 3023826                    /home/alex/.gradle/native/19/linux-amd64/libnative-platform.so
7f3af06b7000-7f3af06c8000 r-xp 00000000 08:07 6232096                    /usr/lib/jvm/java-8-oracle/jre/lib/amd64/libnio.so
7f3af06c8000-7f3af08c7000 ---p 00011000 08:07 6232096                    /usr/lib/jvm/java-8-oracle/jre/lib/amd64/libnio.so
7f3af08c7000-7f3af08c8000 rw-p 00010000 08:07 6232096                    /usr/lib/jvm/java-8-oracle/jre/lib/amd64/libnio.so
7f3af08c8000-7f3af08de000 r-xp 00000000 08:07 6232112                    /usr/lib/jvm/java-8-oracle/jre/lib/amd64/libnet.so
7f3af08de000-7f3af0ade000 ---p 00016000 08:07 6232112                    /usr/lib/jvm/java-8-oracle/jre/lib/amd64/libnet.so
7f3af0ade000-7f3af0adf000 rw-p 00016000 08:07 6232112                    /usr/lib/jvm/java-8-oracle/jre/lib/amd64/libnet.so
7f3af0adf000-7f3af0ae9000 r--s 00116000 08:07 6231963                    /usr/lib/jvm/java-8-oracle/jre/lib/ext/localedata.jar
7f3af0ae9000-7f3af0aeb000 r--s 00005000 08:07 381899                     /home/alex/Escritorio/android-studio/gradle/gradle-2.14.1/lib/gradle-wrapper-2.14.1.jar
7f3af0aeb000-7f3af0af9000 r--s 0004f000 08:07 381884                     /home/alex/Escritorio/android-studio/gradle/gradle-2.14.1/lib/gradle-tooling-api-2.14.1.jar
7f3af0af9000-7f3af0afb000 r--s 00002000 08:07 381888                     /home/alex/Escritorio/android-studio/gradle/gradle-2.14.1/lib/gradle-open-api-2.14.1.jar
7f3af0afb000-7f3af0b01000 r--s 00032000 08:07 381922                     /home/alex/Escritorio/android-studio/gradle/gradle-2.14.1/lib/jaxen-1.1.jar
7f3af0b01000-7f3af0b06000 r--s 00048000 08:07 381887                     /home/alex/Escritorio/android-studio/gradle/gradle-2.14.1/lib/dom4j-1.6.1.jar
7f3af0b06000-7f3af0b11000 r--s 00059000 08:07 381916                     /home/alex/Escritorio/android-studio/gradle/gradle-2.14.1/lib/gradle-ui-2.14.1.jar
7f3af0b11000-7f3af0b14000 r--s 0000b000 08:07 382043                     /home/alex/Escritorio/android-studio/gradle/gradle-2.14.1/lib/gradle-resources-2.14.1.jar
7f3af0b14000-7f3af0b16000 r--s 00003000 08:07 381925                     /home/alex/Escritorio/android-studio/gradle/gradle-2.14.1/lib/jcl-over-slf4j-1.7.10.jar
7f3af0b16000-7f3af0b17000 r--s 00005000 08:07 381919                     /home/alex/Escritorio/android-studio/gradle/gradle-2.14.1/lib/log4j-over-slf4j-1.7.10.jar
7f3af0b17000-7f3af0b19000 r--s 00000000 08:07 382044                     /home/alex/Escritorio/android-studio/gradle/gradle-2.14.1/lib/jul-to-slf4j-1.7.10.jar
7f3af0b19000-7f3af0b1e000 r--s 0001c000 08:07 381897                     /home/alex/Escritorio/android-studio/gradle/gradle-2.14.1/lib/gradle-logging-2.14.1.jar
7f3af0b1e000-7f3af0b20000 r--s 00007000 08:07 381928                     /home/alex/Escritorio/android-studio/gradle/gradle-2.14.1/lib/objenesis-1.2.jar
7f3af0b20000-7f3af0b22000 r--s 00000000 08:07 381892                     /home/alex/Escritorio/android-studio/gradle/gradle-2.14.1/lib/minlog-1.2.jar
7f3af0b22000-7f3af0b24000 r--s 0000f000 08:07 381903                     /home/alex/Escritorio/android-studio/gradle/gradle-2.14.1/lib/reflectasm-1.07-shaded.jar
7f3af0b24000-7f3af0b28000 r--s 00026000 08:07 381917                     /home/alex/Escritorio/android-studio/gradle/gradle-2.14.1/lib/kryo-2.20.jar
7f3af0b28000-7f3af0b2e000 r--s 00025000 08:07 381886                     /home/alex/Escritorio/android-studio/gradle/gradle-2.14.1/lib/gradle-messaging-2.14.1.jar
7f3af0b2e000-7f3af0b2f000 r--s 00003000 08:07 381924                     /home/alex/Escritorio/android-studio/gradle/gradle-2.14.1/lib/native-platform-freebsd-amd64-0.10.jar
7f3af0b2f000-7f3af0b30000 r--s 00003000 08:07 381906                     /home/alex/Escritorio/android-studio/gradle/gradle-2.14.1/lib/native-platform-freebsd-i386-0.10.jar
7f3af0b30000-7f3af0b31000 r--s 00005000 08:07 381894                     /home/alex/Escritorio/android-studio/gradle/gradle-2.14.1/lib/native-platform-windows-i386-0.10.jar
7f3af0b31000-7f3af0b32000 r--s 00005000 08:07 381893                     /home/alex/Escritorio/android-studio/gradle/gradle-2.14.1/lib/native-platform-windows-amd64-0.10.jar
7f3af0b32000-7f3af0b33000 r--s 00003000 08:07 381907                     /home/alex/Escritorio/android-studio/gradle/gradle-2.14.1/lib/native-platform-linux-i386-0.10.jar
7f3af0b33000-7f3af0b34000 r--s 00003000 08:07 381891                     /home/alex/Escritorio/android-studio/gradle/gradle-2.14.1/lib/native-platform-linux-amd64-0.10.jar
7f3af0b34000-7f3af0b35000 r--s 00002000 08:07 381890                     /home/alex/Escritorio/android-studio/gradle/gradle-2.14.1/lib/native-platform-osx-amd64-0.10.jar
7f3af0b35000-7f3af0b36000 r--s 00002000 08:07 381920                     /home/alex/Escritorio/android-studio/gradle/gradle-2.14.1/lib/native-platform-osx-i386-0.10.jar
7f3af0b36000-7f3af0b38000 r--s 00008000 08:07 381921                     /home/alex/Escritorio/android-studio/gradle/gradle-2.14.1/lib/jansi-1.2.1.jar
7f3af0b38000-7f3af0b3b000 r--s 0000d000 08:07 381915                     /home/alex/Escritorio/android-studio/gradle/gradle-2.14.1/lib/native-platform-0.10.jar
7f3af0b3b000-7f3af0b3f000 r--s 000e4000 08:07 381914                     /home/alex/Escritorio/android-studio/gradle/gradle-2.14.1/lib/jna-3.2.7.jar
7f3af0b3f000-7f3af0b41000 r--s 00009000 08:07 381926                     /home/alex/Escritorio/android-studio/gradle/gradle-2.14.1/lib/gradle-native-2.14.1.jar
7f3af0b41000-7f3af0b43000 r--s 00005000 08:07 381927                     /home/alex/Escritorio/android-studio/gradle/gradle-2.14.1/lib/gradle-cli-2.14.1.jar
7f3af0b43000-7f3af0b45000 r--s 00007000 08:07 381896                     /home/alex/Escritorio/android-studio/gradle/gradle-2.14.1/lib/gradle-model-groovy-2.14.1.jar
7f3af0b45000-7f3af0b54000 r--s 00080000 08:07 381912                     /home/alex/Escritorio/android-studio/gradle/gradle-2.14.1/lib/gradle-model-core-2.14.1.jar
7f3af0b54000-7f3af0b61000 r--s 00083000 08:07 382045                     /home/alex/Escritorio/android-studio/gradle/gradle-2.14.1/lib/commons-collections-3.2.2.jar
7f3af0b61000-7f3af0b66000 r--s 00038000 08:07 381908                     /home/alex/Escritorio/android-studio/gradle/gradle-2.14.1/lib/asm-all-5.1.jar
7f3af0b66000-7f3af0bd5000 r--s 0063e000 08:07 382047                     /home/alex/Escritorio/android-studio/gradle/gradle-2.14.1/lib/groovy-all-2.4.4.jar
7f3af0bd5000-7f3af0bfd000 r--s 001cf000 08:07 381900                     /home/alex/Escritorio/android-studio/gradle/gradle-2.14.1/lib/guava-jdk5-17.0.jar
7f3af0bfd000-7f3af0c34000 r--s 001bd000 08:07 381901                     /home/alex/Escritorio/android-studio/gradle/gradle-2.14.1/lib/gradle-core-2.14.1.jar
7f3af0c34000-7f3af0c35000 ---p 00000000 00:00 0 
7f3af0c35000-7f3af0d35000 rw-p 00000000 00:00 0 
7f3af0d35000-7f3af0d38000 ---p 00000000 00:00 0 
7f3af0d38000-7f3af0e36000 rw-p 00000000 00:00 0 
7f3af0e36000-7f3af0e39000 ---p 00000000 00:00 0 
7f3af0e39000-7f3af0f37000 rw-p 00000000 00:00 0 
7f3af0f37000-7f3af0f3a000 ---p 00000000 00:00 0 
7f3af0f3a000-7f3af1038000 rw-p 00000000 00:00 0 
7f3af1038000-7f3af103b000 ---p 00000000 00:00 0 
7f3af103b000-7f3af1139000 rw-p 00000000 00:00 0 
7f3af1139000-7f3af181b000 r--p 00000000 08:07 6167579                    /usr/lib/locale/locale-archive
7f3af181b000-7f3af181e000 ---p 00000000 00:00 0 
7f3af181e000-7f3af191c000 rw-p 00000000 00:00 0 
7f3af191c000-7f3af191f000 ---p 00000000 00:00 0 
7f3af191f000-7f3af1a1d000 rw-p 00000000 00:00 0 
7f3af1a1d000-7f3af1a1e000 ---p 00000000 00:00 0 
7f3af1a1e000-7f3af2427000 rw-p 00000000 00:00 0 
7f3af2427000-7f3af2600000 r--s 03d29000 08:07 6231984                    /usr/lib/jvm/java-8-oracle/jre/lib/rt.jar
7f3af2600000-7f3af5000000 rw-p 00000000 00:00 0 
7f3af5000000-7f3af5ce0000 rwxp 00000000 00:00 0 
7f3af5ce0000-7f3b04000000 ---p 00000000 00:00 0 
7f3b04000000-7f3b04bbf000 rw-p 00000000 00:00 0 
7f3b04bbf000-7f3b08000000 ---p 00000000 00:00 0 
7f3b08000000-7f3b08001000 r--s 00006000 08:07 381911                     /home/alex/Escritorio/android-studio/gradle/gradle-2.14.1/lib/gradle-base-services-groovy-2.14.1.jar
7f3b08001000-7f3b08002000 r--s 00002000 08:07 381904                     /home/alex/Escritorio/android-studio/gradle/gradle-2.14.1/lib/gradle-docs-2.14.1.jar
7f3b08002000-7f3b08003000 r--s 00000000 08:07 382046                     /home/alex/Escritorio/android-studio/gradle/gradle-2.14.1/lib/javax.inject-1.jar
7f3b08003000-7f3b08004000 r--s 00000000 08:07 381902                     /home/alex/Escritorio/android-studio/gradle/gradle-2.14.1/lib/jcip-annotations-1.0.jar
7f3b08004000-7f3b08009000 r--s 00041000 08:07 381910                     /home/alex/Escritorio/android-studio/gradle/gradle-2.14.1/lib/commons-lang-2.6.jar
7f3b08009000-7f3b08028000 r--s 001d1000 08:07 381898                     /home/alex/Escritorio/android-studio/gradle/gradle-2.14.1/lib/ant-1.9.6.jar
7f3b08028000-7f3b08030000 r--s 0003a000 08:07 381909                     /home/alex/Escritorio/android-studio/gradle/gradle-2.14.1/lib/gradle-base-services-2.14.1.jar
7f3b08030000-7f3b0803b000 r--s 00051000 08:07 381905                     /home/alex/Escritorio/android-studio/gradle/gradle-2.14.1/lib/gradle-launcher-2.14.1.jar
7f3b0803b000-7f3b08114000 rw-p 00000000 00:00 0 
7f3b08114000-7f3b08115000 ---p 00000000 00:00 0 
7f3b08115000-7f3b08215000 rw-p 00000000 00:00 0 
7f3b08215000-7f3b08216000 ---p 00000000 00:00 0 
7f3b08216000-7f3b08344000 rw-p 00000000 00:00 0 
7f3b08344000-7f3b0846c000 ---p 00000000 00:00 0 
7f3b0846c000-7f3b0849a000 rw-p 00000000 00:00 0 
7f3b0849a000-7f3b085c1000 ---p 00000000 00:00 0 
7f3b085c1000-7f3b0862f000 rw-p 00000000 00:00 0 
7f3b0862f000-7f3b0866c000 ---p 00000000 00:00 0 
7f3b0866c000-7f3b086a1000 rw-p 00000000 00:00 0 
7f3b086a1000-7f3b08a2d000 ---p 00000000 00:00 0 
7f3b08a2d000-7f3b08a47000 r-xp 00000000 08:07 6232067                    /usr/lib/jvm/java-8-oracle/jre/lib/amd64/libzip.so
7f3b08a47000-7f3b08c47000 ---p 0001a000 08:07 6232067                    /usr/lib/jvm/java-8-oracle/jre/lib/amd64/libzip.so
7f3b08c47000-7f3b08c48000 rw-p 0001a000 08:07 6232067                    /usr/lib/jvm/java-8-oracle/jre/lib/amd64/libzip.so
7f3b08c48000-7f3b08c52000 r-xp 00000000 08:07 1446502                    /lib/x86_64-linux-gnu/libnss_files-2.19.so
7f3b08c52000-7f3b08e51000 ---p 0000a000 08:07 1446502                    /lib/x86_64-linux-gnu/libnss_files-2.19.so
7f3b08e51000-7f3b08e52000 r--p 00009000 08:07 1446502                    /lib/x86_64-linux-gnu/libnss_files-2.19.so
7f3b08e52000-7f3b08e53000 rw-p 0000a000 08:07 1446502                    /lib/x86_64-linux-gnu/libnss_files-2.19.so
7f3b08e53000-7f3b08e5e000 r-xp 00000000 08:07 1446494                    /lib/x86_64-linux-gnu/libnss_nis-2.19.so
7f3b08e5e000-7f3b0905d000 ---p 0000b000 08:07 1446494                    /lib/x86_64-linux-gnu/libnss_nis-2.19.so
7f3b0905d000-7f3b0905e000 r--p 0000a000 08:07 1446494                    /lib/x86_64-linux-gnu/libnss_nis-2.19.so
7f3b0905e000-7f3b0905f000 rw-p 0000b000 08:07 1446494                    /lib/x86_64-linux-gnu/libnss_nis-2.19.so
7f3b0905f000-7f3b09076000 r-xp 00000000 08:07 1446483                    /lib/x86_64-linux-gnu/libnsl-2.19.so
7f3b09076000-7f3b09275000 ---p 00017000 08:07 1446483                    /lib/x86_64-linux-gnu/libnsl-2.19.so
7f3b09275000-7f3b09276000 r--p 00016000 08:07 1446483                    /lib/x86_64-linux-gnu/libnsl-2.19.so
7f3b09276000-7f3b09277000 rw-p 00017000 08:07 1446483                    /lib/x86_64-linux-gnu/libnsl-2.19.so
7f3b09277000-7f3b09279000 rw-p 00000000 00:00 0 
7f3b09279000-7f3b09282000 r-xp 00000000 08:07 1446482                    /lib/x86_64-linux-gnu/libnss_compat-2.19.so
7f3b09282000-7f3b09481000 ---p 00009000 08:07 1446482                    /lib/x86_64-linux-gnu/libnss_compat-2.19.so
7f3b09481000-7f3b09482000 r--p 00008000 08:07 1446482                    /lib/x86_64-linux-gnu/libnss_compat-2.19.so
7f3b09482000-7f3b09483000 rw-p 00009000 08:07 1446482                    /lib/x86_64-linux-gnu/libnss_compat-2.19.so
7f3b09483000-7f3b094ad000 r-xp 00000000 08:07 6232071                    /usr/lib/jvm/java-8-oracle/jre/lib/amd64/libjava.so
7f3b094ad000-7f3b096ad000 ---p 0002a000 08:07 6232071                    /usr/lib/jvm/java-8-oracle/jre/lib/amd64/libjava.so
7f3b096ad000-7f3b096af000 rw-p 0002a000 08:07 6232071                    /usr/lib/jvm/java-8-oracle/jre/lib/amd64/libjava.so
7f3b096af000-7f3b096bc000 r-xp 00000000 08:07 6232089                    /usr/lib/jvm/java-8-oracle/jre/lib/amd64/libverify.so
7f3b096bc000-7f3b098bc000 ---p 0000d000 08:07 6232089                    /usr/lib/jvm/java-8-oracle/jre/lib/amd64/libverify.so
7f3b098bc000-7f3b098be000 rw-p 0000d000 08:07 6232089                    /usr/lib/jvm/java-8-oracle/jre/lib/amd64/libverify.so
7f3b098be000-7f3b098c5000 r-xp 00000000 08:07 1446498                    /lib/x86_64-linux-gnu/librt-2.19.so
7f3b098c5000-7f3b09ac4000 ---p 00007000 08:07 1446498                    /lib/x86_64-linux-gnu/librt-2.19.so
7f3b09ac4000-7f3b09ac5000 r--p 00006000 08:07 1446498                    /lib/x86_64-linux-gnu/librt-2.19.so
7f3b09ac5000-7f3b09ac6000 rw-p 00007000 08:07 1446498                    /lib/x86_64-linux-gnu/librt-2.19.so
7f3b09ac6000-7f3b09bcb000 r-xp 00000000 08:07 1446476                    /lib/x86_64-linux-gnu/libm-2.19.so
7f3b09bcb000-7f3b09dca000 ---p 00105000 08:07 1446476                    /lib/x86_64-linux-gnu/libm-2.19.so
7f3b09dca000-7f3b09dcb000 r--p 00104000 08:07 1446476                    /lib/x86_64-linux-gnu/libm-2.19.so
7f3b09dcb000-7f3b09dcc000 rw-p 00105000 08:07 1446476                    /lib/x86_64-linux-gnu/libm-2.19.so
7f3b09dcc000-7f3b0aa97000 r-xp 00000000 08:07 6232054                    /usr/lib/jvm/java-8-oracle/jre/lib/amd64/server/libjvm.so
7f3b0aa97000-7f3b0ac96000 ---p 00ccb000 08:07 6232054                    /usr/lib/jvm/java-8-oracle/jre/lib/amd64/server/libjvm.so
7f3b0ac96000-7f3b0ad6f000 rw-p 00cca000 08:07 6232054                    /usr/lib/jvm/java-8-oracle/jre/lib/amd64/server/libjvm.so
7f3b0ad6f000-7f3b0adba000 rw-p 00000000 00:00 0 
7f3b0adba000-7f3b0af74000 r-xp 00000000 08:07 1446499                    /lib/x86_64-linux-gnu/libc-2.19.so
7f3b0af74000-7f3b0b174000 ---p 001ba000 08:07 1446499                    /lib/x86_64-linux-gnu/libc-2.19.so
7f3b0b174000-7f3b0b178000 r--p 001ba000 08:07 1446499                    /lib/x86_64-linux-gnu/libc-2.19.so
7f3b0b178000-7f3b0b17a000 rw-p 001be000 08:07 1446499                    /lib/x86_64-linux-gnu/libc-2.19.so
7f3b0b17a000-7f3b0b17f000 rw-p 00000000 00:00 0 
7f3b0b17f000-7f3b0b182000 r-xp 00000000 08:07 1446479                    /lib/x86_64-linux-gnu/libdl-2.19.so
7f3b0b182000-7f3b0b381000 ---p 00003000 08:07 1446479                    /lib/x86_64-linux-gnu/libdl-2.19.so
7f3b0b381000-7f3b0b382000 r--p 00002000 08:07 1446479                    /lib/x86_64-linux-gnu/libdl-2.19.so
7f3b0b382000-7f3b0b383000 rw-p 00003000 08:07 1446479                    /lib/x86_64-linux-gnu/libdl-2.19.so
7f3b0b383000-7f3b0b398000 r-xp 00000000 08:07 6231899                    /usr/lib/jvm/java-8-oracle/lib/amd64/jli/libjli.so
7f3b0b398000-7f3b0b598000 ---p 00015000 08:07 6231899                    /usr/lib/jvm/java-8-oracle/lib/amd64/jli/libjli.so
7f3b0b598000-7f3b0b599000 rw-p 00015000 08:07 6231899                    /usr/lib/jvm/java-8-oracle/lib/amd64/jli/libjli.so
7f3b0b599000-7f3b0b5b2000 r-xp 00000000 08:07 1446484                    /lib/x86_64-linux-gnu/libpthread-2.19.so
7f3b0b5b2000-7f3b0b7b1000 ---p 00019000 08:07 1446484                    /lib/x86_64-linux-gnu/libpthread-2.19.so
7f3b0b7b1000-7f3b0b7b2000 r--p 00018000 08:07 1446484                    /lib/x86_64-linux-gnu/libpthread-2.19.so
7f3b0b7b2000-7f3b0b7b3000 rw-p 00019000 08:07 1446484                    /lib/x86_64-linux-gnu/libpthread-2.19.so
7f3b0b7b3000-7f3b0b7b7000 rw-p 00000000 00:00 0 
7f3b0b7b7000-7f3b0b7da000 r-xp 00000000 08:07 1446485                    /lib/x86_64-linux-gnu/ld-2.19.so
7f3b0b7da000-7f3b0b7de000 r--s 00027000 08:07 381918                     /home/alex/Escritorio/android-studio/gradle/gradle-2.14.1/lib/commons-io-2.2.jar
7f3b0b7de000-7f3b0b8b0000 rw-p 00000000 00:00 0 
7f3b0b8b0000-7f3b0b8b3000 ---p 00000000 00:00 0 
7f3b0b8b3000-7f3b0b9b5000 rw-p 00000000 00:00 0 
7f3b0b9b5000-7f3b0b9b6000 r--s 00001000 08:07 381923                     /home/alex/Escritorio/android-studio/gradle/gradle-2.14.1/lib/gradle-process-services-2.14.1.jar
7f3b0b9b6000-7f3b0b9b7000 r--s 00000000 08:07 381885                     /home/alex/Escritorio/android-studio/gradle/gradle-2.14.1/lib/gradle-jvm-services-2.14.1.jar
7f3b0b9b7000-7f3b0b9b8000 r--s 00007000 08:07 381895                     /home/alex/Escritorio/android-studio/gradle/gradle-2.14.1/lib/slf4j-api-1.7.10.jar
7f3b0b9b8000-7f3b0b9b9000 r--s 00004000 08:07 381913                     /home/alex/Escritorio/android-studio/gradle/gradle-2.14.1/lib/ant-launcher-1.9.6.jar
7f3b0b9b9000-7f3b0b9cd000 rw-p 00000000 00:00 0 
7f3b0b9cd000-7f3b0b9d5000 rw-s 00000000 08:07 403623                     /tmp/hsperfdata_alex/26478
7f3b0b9d5000-7f3b0b9d6000 rw-p 00000000 00:00 0 
7f3b0b9d6000-7f3b0b9d7000 ---p 00000000 00:00 0 
7f3b0b9d7000-7f3b0b9d9000 rw-p 00000000 00:00 0 
7f3b0b9d9000-7f3b0b9da000 r--p 00022000 08:07 1446485                    /lib/x86_64-linux-gnu/ld-2.19.so
7f3b0b9da000-7f3b0b9db000 rw-p 00023000 08:07 1446485                    /lib/x86_64-linux-gnu/ld-2.19.so
7f3b0b9db000-7f3b0b9dc000 rw-p 00000000 00:00 0 
7fff207d5000-7fff207f6000 rw-p 00000000 00:00 0                          [stack]
7fff207f9000-7fff207fb000 r--p 00000000 00:00 0                          [vvar]
7fff207fb000-7fff207fd000 r-xp 00000000 00:00 0                          [vdso]
ffffffffff600000-ffffffffff601000 r-xp 00000000 00:00 0                  [vsyscall]

VM Arguments:
jvm_args: -XX:MaxPermSize=256m -XX:+HeapDumpOnOutOfMemoryError -Xmx1024m -Dfile.encoding=UTF-8 -Duser.country=MX -Duser.language=es -Duser.variant 
java_command: org.gradle.launcher.daemon.bootstrap.GradleDaemon 2.14.1
java_class_path (initial): /home/alex/Escritorio/android-studio/gradle/gradle-2.14.1/lib/gradle-launcher-2.14.1.jar
Launcher Type: SUN_STANDARD

Environment Variables:
PATH=/home/alex/.rbenv/plugins/ruby-build/bin:/home/alex/.rbenv/shims:/home/alex/.rbenv/bin:/usr/local/sbin:/usr/local/bin:/usr/sbin:/usr/bin:/sbin:/bin:/usr/games:/usr/local/games
LD_LIBRARY_PATH=.:
SHELL=/bin/bash
DISPLAY=:0

Signal Handlers:
SIGSEGV: [libjvm.so+0xac4790], sa_mask[0]=11111111011111111101111111111110, sa_flags=SA_RESTART|SA_SIGINFO
SIGBUS: [libjvm.so+0xac4790], sa_mask[0]=11111111011111111101111111111110, sa_flags=SA_RESTART|SA_SIGINFO
SIGFPE: [libjvm.so+0x91f140], sa_mask[0]=11111111011111111101111111111110, sa_flags=SA_RESTART|SA_SIGINFO
SIGPIPE: [libjvm.so+0x91f140], sa_mask[0]=11111111011111111101111111111110, sa_flags=SA_RESTART|SA_SIGINFO
SIGXFSZ: [libjvm.so+0x91f140], sa_mask[0]=11111111011111111101111111111110, sa_flags=SA_RESTART|SA_SIGINFO
SIGILL: [libjvm.so+0x91f140], sa_mask[0]=11111111011111111101111111111110, sa_flags=SA_RESTART|SA_SIGINFO
SIGUSR1: SIG_DFL, sa_mask[0]=00000000000000000000000000000000, sa_flags=none
SIGUSR2: [libjvm.so+0x920770], sa_mask[0]=00100000000000000000000000000000, sa_flags=SA_RESTART|SA_SIGINFO
SIGHUP: [libjvm.so+0x921b70], sa_mask[0]=11111111011111111101111111111110, sa_flags=SA_RESTART|SA_SIGINFO
SIGINT: [libjvm.so+0x921b70], sa_mask[0]=11111111011111111101111111111110, sa_flags=SA_RESTART|SA_SIGINFO
SIGTERM: [libjvm.so+0x921b70], sa_mask[0]=11111111011111111101111111111110, sa_flags=SA_RESTART|SA_SIGINFO
SIGQUIT: [libjvm.so+0x921b70], sa_mask[0]=11111111011111111101111111111110, sa_flags=SA_RESTART|SA_SIGINFO


---------------  S Y S T E M  ---------------

OS:DISTRIB_ID=Ubuntu
DISTRIB_RELEASE=14.04
DISTRIB_CODENAME=trusty
DISTRIB_DESCRIPTION="Ubuntu 14.04.5 LTS"

uname:Linux 4.2.0-42-generic #49~14.04.1-Ubuntu SMP Wed Jun 29 20:22:11 UTC 2016 x86_64
libc:glibc 2.19 NPTL 2.19 
rlimit: STACK 8192k, CORE 0k, NPROC 31263, NOFILE 4096, AS infinity
load average:4.82 3.52 2.28

/proc/meminfo:
MemTotal:        8025464 kB
MemFree:          123464 kB
MemAvailable:    2429392 kB
Buffers:          127536 kB
Cached:          2516916 kB
SwapCached:        16580 kB
Active:          5163372 kB
Inactive:        2012568 kB
Active(anon):    4158100 kB
Inactive(anon):  1001380 kB
Active(file):    1005272 kB
Inactive(file):  1011188 kB
Unevictable:         196 kB
Mlocked:             196 kB
SwapTotal:       8235004 kB
SwapFree:        7950880 kB
Dirty:             20512 kB
Writeback:             0 kB
AnonPages:       4521664 kB
Mapped:           702596 kB
Shmem:            627820 kB
Slab:             596084 kB
SReclaimable:     542884 kB
SUnreclaim:        53200 kB
KernelStack:       11968 kB
PageTables:        65016 kB
NFS_Unstable:          0 kB
Bounce:                0 kB
WritebackTmp:          0 kB
CommitLimit:    12247736 kB
Committed_AS:   13356308 kB
VmallocTotal:   34359738367 kB
VmallocUsed:      553928 kB
VmallocChunk:   34358423548 kB
HardwareCorrupted:     0 kB
AnonHugePages:   1347584 kB
CmaTotal:              0 kB
CmaFree:               0 kB
HugePages_Total:       0
HugePages_Free:        0
HugePages_Rsvd:        0
HugePages_Surp:        0
Hugepagesize:       2048 kB
DirectMap4k:      211200 kB
DirectMap2M:     8026112 kB


CPU:total 2 (2 cores per cpu, 1 threads per core) family 6 model 42 stepping 7, cmov, cx8, fxsr, mmx, sse, sse2, sse3, ssse3, sse4.1, sse4.2, popcnt, clmul, tsc, tscinvbit

/proc/cpuinfo:
processor	: 0
vendor_id	: GenuineIntel
cpu family	: 6
model		: 42
model name	: Intel(R) Pentium(R) CPU B960 @ 2.20GHz
stepping	: 7
microcode	: 0x1b
cpu MHz		: 1699.929
cache size	: 2048 KB
physical id	: 0
siblings	: 2
core id		: 0
cpu cores	: 2
apicid		: 0
initial apicid	: 0
fpu		: yes
fpu_exception	: yes
cpuid level	: 13
wp		: yes
flags		: fpu vme de pse tsc msr pae mce cx8 apic sep mtrr pge mca cmov pat pse36 clflush dts acpi mmx fxsr sse sse2 ss ht tm pbe syscall nx rdtscp lm constant_tsc arch_perfmon pebs bts rep_good nopl xtopology nonstop_tsc aperfmperf eagerfpu pni pclmulqdq dtes64 monitor ds_cpl est tm2 ssse3 cx16 xtpr pdcm pcid sse4_1 sse4_2 x2apic popcnt tsc_deadline_timer xsave lahf_lm arat epb pln pts dtherm xsaveopt
bugs		:
bogomips	: 4390.13
clflush size	: 64
cache_alignment	: 64
address sizes	: 36 bits physical, 48 bits virtual
power management:

processor	: 1
vendor_id	: GenuineIntel
cpu family	: 6
model		: 42
model name	: Intel(R) Pentium(R) CPU B960 @ 2.20GHz
stepping	: 7
microcode	: 0x1b
cpu MHz		: 1699.929
cache size	: 2048 KB
physical id	: 0
siblings	: 2
core id		: 1
cpu cores	: 2
apicid		: 2
initial apicid	: 2
fpu		: yes
fpu_exception	: yes
cpuid level	: 13
wp		: yes
flags		: fpu vme de pse tsc msr pae mce cx8 apic sep mtrr pge mca cmov pat pse36 clflush dts acpi mmx fxsr sse sse2 ss ht tm pbe syscall nx rdtscp lm constant_tsc arch_perfmon pebs bts rep_good nopl xtopology nonstop_tsc aperfmperf eagerfpu pni pclmulqdq dtes64 monitor ds_cpl est tm2 ssse3 cx16 xtpr pdcm pcid sse4_1 sse4_2 x2apic popcnt tsc_deadline_timer xsave lahf_lm arat epb pln pts dtherm xsaveopt
bugs		:
bogomips	: 4390.13
clflush size	: 64
cache_alignment	: 64
address sizes	: 36 bits physical, 48 bits virtual
power management:



Memory: 4k page, physical 8025464k(123464k free), swap 8235004k(7950880k free)

vm_info: Java HotSpot(TM) 64-Bit Server VM (25.101-b13) for linux-amd64 JRE (1.8.0_101-b13), built on Jun 22 2016 02:59:44 by "java_re" with gcc 4.3.0 20080428 (Red Hat 4.3.0-8)

time: Sun Nov  6 11:06:51 2016
elapsed time: 40 seconds (0d 0h 0m 40s)

